\BOOKMARK [0][-]{chapter.1}{\376\377\000M\000a\000i\000n\000\040\000P\000a\000g\000e}{}% 1
\BOOKMARK [0][-]{chapter.2}{\376\377\000M\000o\000d\000u\000l\000e\000\040\000I\000n\000d\000e\000x}{}% 2
\BOOKMARK [1][-]{section.2.1}{\376\377\000M\000o\000d\000u\000l\000e\000s}{chapter.2}% 3
\BOOKMARK [0][-]{chapter.3}{\376\377\000D\000a\000t\000a\000\040\000S\000t\000r\000u\000c\000t\000u\000r\000e\000\040\000I\000n\000d\000e\000x}{}% 4
\BOOKMARK [1][-]{section.3.1}{\376\377\000D\000a\000t\000a\000\040\000S\000t\000r\000u\000c\000t\000u\000r\000e\000s}{chapter.3}% 5
\BOOKMARK [0][-]{chapter.4}{\376\377\000F\000i\000l\000e\000\040\000I\000n\000d\000e\000x}{}% 6
\BOOKMARK [1][-]{section.4.1}{\376\377\000F\000i\000l\000e\000\040\000L\000i\000s\000t}{chapter.4}% 7
\BOOKMARK [0][-]{chapter.5}{\376\377\000M\000o\000d\000u\000l\000e\000\040\000D\000o\000c\000u\000m\000e\000n\000t\000a\000t\000i\000o\000n}{}% 8
\BOOKMARK [1][-]{section.5.1}{\376\377\000S\000o\000f\000t\000w\000a\000r\000e}{chapter.5}% 9
\BOOKMARK [2][-]{subsection.5.1.1}{\376\377\000D\000e\000t\000a\000i\000l\000e\000d\000\040\000D\000e\000s\000c\000r\000i\000p\000t\000i\000o\000n}{section.5.1}% 10
\BOOKMARK [1][-]{section.5.2}{\376\377\000S\000y\000s\000t\000e\000m}{chapter.5}% 11
\BOOKMARK [2][-]{subsection.5.2.1}{\376\377\000D\000e\000t\000a\000i\000l\000e\000d\000\040\000D\000e\000s\000c\000r\000i\000p\000t\000i\000o\000n}{section.5.2}% 12
\BOOKMARK [1][-]{section.5.3}{\376\377\000F\000l\000i\000g\000h\000t}{chapter.5}% 13
\BOOKMARK [2][-]{subsection.5.3.1}{\376\377\000D\000e\000t\000a\000i\000l\000e\000d\000\040\000D\000e\000s\000c\000r\000i\000p\000t\000i\000o\000n}{section.5.3}% 14
\BOOKMARK [1][-]{section.5.4}{\376\377\000H\000a\000r\000d\000w\000a\000r\000e}{chapter.5}% 15
\BOOKMARK [2][-]{subsection.5.4.1}{\376\377\000D\000e\000t\000a\000i\000l\000e\000d\000\040\000D\000e\000s\000c\000r\000i\000p\000t\000i\000o\000n}{section.5.4}% 16
\BOOKMARK [1][-]{section.5.5}{\376\377\000A\000c\000c\000e\000l\000e\000r\000o\000m\000e\000t\000e\000r\000\040\000D\000r\000i\000v\000e\000r}{chapter.5}% 17
\BOOKMARK [2][-]{subsection.5.5.1}{\376\377\000D\000e\000t\000a\000i\000l\000e\000d\000\040\000D\000e\000s\000c\000r\000i\000p\000t\000i\000o\000n}{section.5.5}% 18
\BOOKMARK [2][-]{subsection.5.5.2}{\376\377\000M\000a\000c\000r\000o\000\040\000D\000e\000f\000i\000n\000i\000t\000i\000o\000n\000\040\000D\000o\000c\000u\000m\000e\000n\000t\000a\000t\000i\000o\000n}{section.5.5}% 19
\BOOKMARK [3][-]{subsubsection.5.5.2.1}{\376\377\000A\000C\000C\000R\000E\000G\000\137\000C\000T\000R\000L\0001}{subsection.5.5.2}% 20
\BOOKMARK [3][-]{subsubsection.5.5.2.2}{\376\377\000A\000C\000C\000R\000E\000G\000\137\000C\000T\000R\000L\0004}{subsection.5.5.2}% 21
\BOOKMARK [3][-]{subsubsection.5.5.2.3}{\376\377\000A\000C\000C\000R\000E\000G\000\137\000X\000L}{subsection.5.5.2}% 22
\BOOKMARK [2][-]{subsection.5.5.3}{\376\377\000E\000n\000u\000m\000e\000r\000a\000t\000i\000o\000n\000\040\000T\000y\000p\000e\000\040\000D\000o\000c\000u\000m\000e\000n\000t\000a\000t\000i\000o\000n}{section.5.5}% 23
\BOOKMARK [3][-]{subsubsection.5.5.3.1}{\376\377\000A\000c\000c\000R\000a\000n\000g\000e}{subsection.5.5.3}% 24
\BOOKMARK [2][-]{subsection.5.5.4}{\376\377\000F\000u\000n\000c\000t\000i\000o\000n\000\040\000D\000o\000c\000u\000m\000e\000n\000t\000a\000t\000i\000o\000n}{section.5.5}% 25
\BOOKMARK [3][-]{subsubsection.5.5.4.1}{\376\377\000a\000c\000c\000I\000n\000i\000t}{subsection.5.5.4}% 26
\BOOKMARK [3][-]{subsubsection.5.5.4.2}{\376\377\000a\000c\000c\000R\000e\000a\000d}{subsection.5.5.4}% 27
\BOOKMARK [3][-]{subsubsection.5.5.4.3}{\376\377\000a\000c\000c\000W\000r\000i\000t\000e\000R\000e\000g\000i\000s\000t\000e\000r}{subsection.5.5.4}% 28
\BOOKMARK [2][-]{subsection.5.5.5}{\376\377\000V\000a\000r\000i\000a\000b\000l\000e\000\040\000D\000o\000c\000u\000m\000e\000n\000t\000a\000t\000i\000o\000n}{section.5.5}% 29
\BOOKMARK [3][-]{subsubsection.5.5.5.1}{\376\377\000a\000c\000c\000R\000a\000n\000g\000e}{subsection.5.5.5}% 30
\BOOKMARK [1][-]{section.5.6}{\376\377\000A\000D\000C\000\040\000D\000r\000i\000v\000e\000r}{chapter.5}% 31
\BOOKMARK [2][-]{subsection.5.6.1}{\376\377\000D\000e\000t\000a\000i\000l\000e\000d\000\040\000D\000e\000s\000c\000r\000i\000p\000t\000i\000o\000n}{section.5.6}% 32
\BOOKMARK [2][-]{subsection.5.6.2}{\376\377\000E\000n\000u\000m\000e\000r\000a\000t\000i\000o\000n\000\040\000T\000y\000p\000e\000\040\000D\000o\000c\000u\000m\000e\000n\000t\000a\000t\000i\000o\000n}{section.5.6}% 33
\BOOKMARK [3][-]{subsubsection.5.6.2.1}{\376\377\000A\000D\000C\000R\000e\000f}{subsection.5.6.2}% 34
\BOOKMARK [2][-]{subsection.5.6.3}{\376\377\000F\000u\000n\000c\000t\000i\000o\000n\000\040\000D\000o\000c\000u\000m\000e\000n\000t\000a\000t\000i\000o\000n}{section.5.6}% 35
\BOOKMARK [3][-]{subsubsection.5.6.3.1}{\376\377\000a\000d\000c\000C\000l\000o\000s\000e}{subsection.5.6.3}% 36
\BOOKMARK [3][-]{subsubsection.5.6.3.2}{\376\377\000a\000d\000c\000G\000e\000t}{subsection.5.6.3}% 37
\BOOKMARK [3][-]{subsubsection.5.6.3.3}{\376\377\000a\000d\000c\000I\000n\000i\000t}{subsection.5.6.3}% 38
\BOOKMARK [3][-]{subsubsection.5.6.3.4}{\376\377\000a\000d\000c\000R\000e\000a\000d\000y}{subsection.5.6.3}% 39
\BOOKMARK [3][-]{subsubsection.5.6.3.5}{\376\377\000a\000d\000c\000S\000t\000a\000r\000t}{subsection.5.6.3}% 40
\BOOKMARK [1][-]{section.5.7}{\376\377\000C\000o\000m\000p\000l\000e\000m\000e\000n\000t\000a\000r\000y\000-\000F\000i\000l\000t\000e\000r}{chapter.5}% 41
\BOOKMARK [2][-]{subsection.5.7.1}{\376\377\000D\000e\000t\000a\000i\000l\000e\000d\000\040\000D\000e\000s\000c\000r\000i\000p\000t\000i\000o\000n}{section.5.7}% 42
\BOOKMARK [2][-]{subsection.5.7.2}{\376\377\000F\000u\000n\000c\000t\000i\000o\000n\000\040\000D\000o\000c\000u\000m\000e\000n\000t\000a\000t\000i\000o\000n}{section.5.7}% 43
\BOOKMARK [3][-]{subsubsection.5.7.2.1}{\376\377\000c\000o\000m\000p\000l\000e\000m\000e\000n\000t\000a\000r\000y\000E\000x\000e\000c\000u\000t\000e}{subsection.5.7.2}% 44
\BOOKMARK [3][-]{subsubsection.5.7.2.2}{\376\377\000c\000o\000m\000p\000l\000e\000m\000e\000n\000t\000a\000r\000y\000I\000n\000i\000t}{subsection.5.7.2}% 45
\BOOKMARK [1][-]{section.5.8}{\376\377\000C\000o\000n\000f\000i\000g\000u\000r\000a\000t\000i\000o\000n}{chapter.5}% 46
\BOOKMARK [2][-]{subsection.5.8.1}{\376\377\000D\000e\000t\000a\000i\000l\000e\000d\000\040\000D\000e\000s\000c\000r\000i\000p\000t\000i\000o\000n}{section.5.8}% 47
\BOOKMARK [2][-]{subsection.5.8.2}{\376\377\000M\000a\000c\000r\000o\000\040\000D\000e\000f\000i\000n\000i\000t\000i\000o\000n\000\040\000D\000o\000c\000u\000m\000e\000n\000t\000a\000t\000i\000o\000n}{section.5.8}% 48
\BOOKMARK [3][-]{subsubsection.5.8.2.1}{\376\377\000A\000C\000C\000\137\000A\000D\000D\000R\000E\000S\000S}{subsection.5.8.2}% 49
\BOOKMARK [3][-]{subsubsection.5.8.2.2}{\376\377\000A\000C\000C\000F\000I\000L\000T\000E\000R\000F\000A\000C\000T\000O\000R}{subsection.5.8.2}% 50
\BOOKMARK [3][-]{subsubsection.5.8.2.3}{\376\377\000B\000A\000N\000K\0000\000D\000D\000R}{subsection.5.8.2}% 51
\BOOKMARK [3][-]{subsubsection.5.8.2.4}{\376\377\000B\000A\000N\000K\0000\000P\000I\000N}{subsection.5.8.2}% 52
\BOOKMARK [3][-]{subsubsection.5.8.2.5}{\376\377\000B\000A\000N\000K\0000\000P\000O\000R\000T}{subsection.5.8.2}% 53
\BOOKMARK [3][-]{subsubsection.5.8.2.6}{\376\377\000B\000A\000N\000K\0001\000D\000D\000R}{subsection.5.8.2}% 54
\BOOKMARK [3][-]{subsubsection.5.8.2.7}{\376\377\000B\000A\000N\000K\0001\000P\000I\000N}{subsection.5.8.2}% 55
\BOOKMARK [3][-]{subsubsection.5.8.2.8}{\376\377\000B\000A\000N\000K\0001\000P\000O\000R\000T}{subsection.5.8.2}% 56
\BOOKMARK [3][-]{subsubsection.5.8.2.9}{\376\377\000B\000A\000N\000K\0002\000D\000D\000R}{subsection.5.8.2}% 57
\BOOKMARK [3][-]{subsubsection.5.8.2.10}{\376\377\000B\000A\000N\000K\0002\000P\000I\000N}{subsection.5.8.2}% 58
\BOOKMARK [3][-]{subsubsection.5.8.2.11}{\376\377\000B\000A\000N\000K\0002\000P\000O\000R\000T}{subsection.5.8.2}% 59
\BOOKMARK [3][-]{subsubsection.5.8.2.12}{\376\377\000B\000A\000T\000T\000\137\000C\000H\000A\000N\000N\000E\000L}{subsection.5.8.2}% 60
\BOOKMARK [3][-]{subsubsection.5.8.2.13}{\376\377\000B\000A\000T\000T\000\137\000M\000A\000X}{subsection.5.8.2}% 61
\BOOKMARK [3][-]{subsubsection.5.8.2.14}{\376\377\000C\000O\000M\000P\000L\000E\000M\000E\000N\000T\000A\000R\000Y\000\137\000T\000A\000U}{subsection.5.8.2}% 62
\BOOKMARK [3][-]{subsubsection.5.8.2.15}{\376\377\000D\000T}{subsection.5.8.2}% 63
\BOOKMARK [3][-]{subsubsection.5.8.2.16}{\376\377\000G\000Y\000R\000O\000\137\000A\000D\000D\000R\000E\000S\000S}{subsection.5.8.2}% 64
\BOOKMARK [3][-]{subsubsection.5.8.2.17}{\376\377\000G\000Y\000R\000O\000F\000I\000L\000T\000E\000R\000F\000A\000C\000T\000O\000R}{subsection.5.8.2}% 65
\BOOKMARK [3][-]{subsubsection.5.8.2.18}{\376\377\000L\000E\000D\0000\000D\000D\000R}{subsection.5.8.2}% 66
\BOOKMARK [3][-]{subsubsection.5.8.2.19}{\376\377\000L\000E\000D\0000\000P\000I\000N}{subsection.5.8.2}% 67
\BOOKMARK [3][-]{subsubsection.5.8.2.20}{\376\377\000L\000E\000D\0000\000P\000O\000R\000T}{subsection.5.8.2}% 68
\BOOKMARK [3][-]{subsubsection.5.8.2.21}{\376\377\000L\000E\000D\0001\000D\000D\000R}{subsection.5.8.2}% 69
\BOOKMARK [3][-]{subsubsection.5.8.2.22}{\376\377\000L\000E\000D\0001\000P\000I\000N}{subsection.5.8.2}% 70
\BOOKMARK [3][-]{subsubsection.5.8.2.23}{\376\377\000L\000E\000D\0001\000P\000O\000R\000T}{subsection.5.8.2}% 71
\BOOKMARK [3][-]{subsubsection.5.8.2.24}{\376\377\000L\000E\000D\0002\000D\000D\000R}{subsection.5.8.2}% 72
\BOOKMARK [3][-]{subsubsection.5.8.2.25}{\376\377\000L\000E\000D\0002\000P\000I\000N}{subsection.5.8.2}% 73
\BOOKMARK [3][-]{subsubsection.5.8.2.26}{\376\377\000L\000E\000D\0002\000P\000O\000R\000T}{subsection.5.8.2}% 74
\BOOKMARK [3][-]{subsubsection.5.8.2.27}{\376\377\000L\000E\000D\0003\000D\000D\000R}{subsection.5.8.2}% 75
\BOOKMARK [3][-]{subsubsection.5.8.2.28}{\376\377\000L\000E\000D\0003\000P\000I\000N}{subsection.5.8.2}% 76
\BOOKMARK [3][-]{subsubsection.5.8.2.29}{\376\377\000L\000E\000D\0003\000P\000O\000R\000T}{subsection.5.8.2}% 77
\BOOKMARK [3][-]{subsubsection.5.8.2.30}{\376\377\000M\000A\000G\000\137\000A\000D\000D\000R\000E\000S\000S}{subsection.5.8.2}% 78
\BOOKMARK [3][-]{subsubsection.5.8.2.31}{\376\377\000M\000O\000T\000O\000R\000\137\000B\000A\000S\000E\000A\000D\000D\000R\000E\000S\000S}{subsection.5.8.2}% 79
\BOOKMARK [3][-]{subsubsection.5.8.2.32}{\376\377\000M\000O\000T\000O\000R\000C\000O\000U\000N\000T}{subsection.5.8.2}% 80
\BOOKMARK [3][-]{subsubsection.5.8.2.33}{\376\377\000O\000R\000I\000E\000N\000T\000A\000T\000I\000O\000N\000\137\000F\000I\000L\000T\000E\000R}{subsection.5.8.2}% 81
\BOOKMARK [3][-]{subsubsection.5.8.2.34}{\376\377\000P\000I\000D\000\137\000D}{subsection.5.8.2}% 82
\BOOKMARK [3][-]{subsubsection.5.8.2.35}{\376\377\000P\000I\000D\000\137\000I}{subsection.5.8.2}% 83
\BOOKMARK [3][-]{subsubsection.5.8.2.36}{\376\377\000P\000I\000D\000\137\000I\000N\000T\000M\000A\000X}{subsection.5.8.2}% 84
\BOOKMARK [3][-]{subsubsection.5.8.2.37}{\376\377\000P\000I\000D\000\137\000I\000N\000T\000M\000I\000N}{subsection.5.8.2}% 85
\BOOKMARK [3][-]{subsubsection.5.8.2.38}{\376\377\000P\000I\000D\000\137\000O\000U\000T\000M\000A\000X}{subsection.5.8.2}% 86
\BOOKMARK [3][-]{subsubsection.5.8.2.39}{\376\377\000P\000I\000D\000\137\000O\000U\000T\000M\000I\000N}{subsection.5.8.2}% 87
\BOOKMARK [3][-]{subsubsection.5.8.2.40}{\376\377\000P\000I\000D\000\137\000P}{subsection.5.8.2}% 88
\BOOKMARK [3][-]{subsubsection.5.8.2.41}{\376\377\000Q\0001}{subsection.5.8.2}% 89
\BOOKMARK [3][-]{subsubsection.5.8.2.42}{\376\377\000Q\0002}{subsection.5.8.2}% 90
\BOOKMARK [3][-]{subsubsection.5.8.2.43}{\376\377\000Q\0003}{subsection.5.8.2}% 91
\BOOKMARK [3][-]{subsubsection.5.8.2.44}{\376\377\000R\0001}{subsection.5.8.2}% 92
\BOOKMARK [3][-]{subsubsection.5.8.2.45}{\376\377\000R\0002}{subsection.5.8.2}% 93
\BOOKMARK [3][-]{subsubsection.5.8.2.46}{\376\377\000R\000X\000\137\000B\000U\000F\000F\000E\000R\000\137\000S\000I\000Z\000E}{subsection.5.8.2}% 94
\BOOKMARK [3][-]{subsubsection.5.8.2.47}{\376\377\000S\000E\000T\000\137\000P\000I\000T\000C\000H\000M\000I\000N\000U\000S}{subsection.5.8.2}% 95
\BOOKMARK [3][-]{subsubsection.5.8.2.48}{\376\377\000S\000E\000T\000\137\000P\000I\000T\000C\000H\000P\000L\000U\000S}{subsection.5.8.2}% 96
\BOOKMARK [3][-]{subsubsection.5.8.2.49}{\376\377\000S\000E\000T\000\137\000R\000O\000L\000L\000M\000I\000N\000U\000S}{subsection.5.8.2}% 97
\BOOKMARK [3][-]{subsubsection.5.8.2.50}{\376\377\000S\000E\000T\000\137\000R\000O\000L\000L\000P\000L\000U\000S}{subsection.5.8.2}% 98
\BOOKMARK [3][-]{subsubsection.5.8.2.51}{\376\377\000S\000O\000F\000T\000W\000A\000R\000E\000L\000O\000W\000P\000A\000S\000S}{subsection.5.8.2}% 99
\BOOKMARK [3][-]{subsubsection.5.8.2.52}{\376\377\000S\000P\000I\000S\000S}{subsection.5.8.2}% 100
\BOOKMARK [3][-]{subsubsection.5.8.2.53}{\376\377\000T\000X\000\137\000B\000U\000F\000F\000E\000R\000\137\000S\000I\000Z\000E}{subsection.5.8.2}% 101
\BOOKMARK [1][-]{section.5.9}{\376\377\000D\000e\000b\000u\000g\000\040\000O\000u\000t\000p\000u\000t}{chapter.5}% 102
\BOOKMARK [2][-]{subsection.5.9.1}{\376\377\000D\000e\000t\000a\000i\000l\000e\000d\000\040\000D\000e\000s\000c\000r\000i\000p\000t\000i\000o\000n}{section.5.9}% 103
\BOOKMARK [2][-]{subsection.5.9.2}{\376\377\000M\000a\000c\000r\000o\000\040\000D\000e\000f\000i\000n\000i\000t\000i\000o\000n\000\040\000D\000o\000c\000u\000m\000e\000n\000t\000a\000t\000i\000o\000n}{section.5.9}% 104
\BOOKMARK [3][-]{subsubsection.5.9.2.1}{\376\377\000a\000s\000s\000e\000r\000t}{subsection.5.9.2}% 105
\BOOKMARK [3][-]{subsubsection.5.9.2.2}{\376\377\000A\000S\000S\000E\000R\000T\000F\000U\000N\000C}{subsection.5.9.2}% 106
\BOOKMARK [3][-]{subsubsection.5.9.2.3}{\376\377\000D\000E\000B\000U\000G\000O\000U\000T}{subsection.5.9.2}% 107
\BOOKMARK [3][-]{subsubsection.5.9.2.4}{\376\377\000d\000e\000b\000u\000g\000P\000r\000i\000n\000t}{subsection.5.9.2}% 108
\BOOKMARK [1][-]{section.5.10}{\376\377\000E\000r\000r\000o\000r\000\040\000R\000e\000p\000o\000r\000t\000i\000n\000g}{chapter.5}% 109
\BOOKMARK [2][-]{subsection.5.10.1}{\376\377\000D\000e\000t\000a\000i\000l\000e\000d\000\040\000D\000e\000s\000c\000r\000i\000p\000t\000i\000o\000n}{section.5.10}% 110
\BOOKMARK [2][-]{subsection.5.10.2}{\376\377\000M\000a\000c\000r\000o\000\040\000D\000e\000f\000i\000n\000i\000t\000i\000o\000n\000\040\000D\000o\000c\000u\000m\000e\000n\000t\000a\000t\000i\000o\000n}{section.5.10}% 111
\BOOKMARK [3][-]{subsubsection.5.10.2.1}{\376\377\000C\000H\000E\000C\000K\000E\000R\000R\000O\000R}{subsection.5.10.2}% 112
\BOOKMARK [3][-]{subsubsection.5.10.2.2}{\376\377\000R\000E\000P\000O\000R\000T\000E\000R\000R\000O\000R}{subsection.5.10.2}% 113
\BOOKMARK [2][-]{subsection.5.10.3}{\376\377\000E\000n\000u\000m\000e\000r\000a\000t\000i\000o\000n\000\040\000T\000y\000p\000e\000\040\000D\000o\000c\000u\000m\000e\000n\000t\000a\000t\000i\000o\000n}{section.5.10}% 114
\BOOKMARK [3][-]{subsubsection.5.10.3.1}{\376\377\000E\000r\000r\000o\000r}{subsection.5.10.3}% 115
\BOOKMARK [2][-]{subsection.5.10.4}{\376\377\000F\000u\000n\000c\000t\000i\000o\000n\000\040\000D\000o\000c\000u\000m\000e\000n\000t\000a\000t\000i\000o\000n}{section.5.10}% 116
\BOOKMARK [3][-]{subsubsection.5.10.4.1}{\376\377\000g\000e\000t\000E\000r\000r\000o\000r\000S\000t\000r\000i\000n\000g}{subsection.5.10.4}% 117
\BOOKMARK [1][-]{section.5.11}{\376\377\000G\000y\000r\000o\000s\000c\000o\000p\000e\000\040\000D\000r\000i\000v\000e\000r}{chapter.5}% 118
\BOOKMARK [2][-]{subsection.5.11.1}{\376\377\000D\000e\000t\000a\000i\000l\000e\000d\000\040\000D\000e\000s\000c\000r\000i\000p\000t\000i\000o\000n}{section.5.11}% 119
\BOOKMARK [2][-]{subsection.5.11.2}{\376\377\000M\000a\000c\000r\000o\000\040\000D\000e\000f\000i\000n\000i\000t\000i\000o\000n\000\040\000D\000o\000c\000u\000m\000e\000n\000t\000a\000t\000i\000o\000n}{section.5.11}% 120
\BOOKMARK [3][-]{subsubsection.5.11.2.1}{\376\377\000G\000Y\000R\000O\000R\000E\000G\000\137\000C\000T\000R\000L\0001}{subsection.5.11.2}% 121
\BOOKMARK [3][-]{subsubsection.5.11.2.2}{\376\377\000G\000Y\000R\000O\000R\000E\000G\000\137\000C\000T\000R\000L\0004}{subsection.5.11.2}% 122
\BOOKMARK [3][-]{subsubsection.5.11.2.3}{\376\377\000G\000Y\000R\000O\000R\000E\000G\000\137\000O\000U\000T\000X\000L}{subsection.5.11.2}% 123
\BOOKMARK [2][-]{subsection.5.11.3}{\376\377\000E\000n\000u\000m\000e\000r\000a\000t\000i\000o\000n\000\040\000T\000y\000p\000e\000\040\000D\000o\000c\000u\000m\000e\000n\000t\000a\000t\000i\000o\000n}{section.5.11}% 124
\BOOKMARK [3][-]{subsubsection.5.11.3.1}{\376\377\000G\000y\000r\000o\000R\000a\000n\000g\000e}{subsection.5.11.3}% 125
\BOOKMARK [2][-]{subsection.5.11.4}{\376\377\000F\000u\000n\000c\000t\000i\000o\000n\000\040\000D\000o\000c\000u\000m\000e\000n\000t\000a\000t\000i\000o\000n}{section.5.11}% 126
\BOOKMARK [3][-]{subsubsection.5.11.4.1}{\376\377\000g\000y\000r\000o\000I\000n\000i\000t}{subsection.5.11.4}% 127
\BOOKMARK [3][-]{subsubsection.5.11.4.2}{\376\377\000g\000y\000r\000o\000R\000e\000a\000d}{subsection.5.11.4}% 128
\BOOKMARK [3][-]{subsubsection.5.11.4.3}{\376\377\000g\000y\000r\000o\000W\000r\000i\000t\000e\000B\000y\000t\000e}{subsection.5.11.4}% 129
\BOOKMARK [2][-]{subsection.5.11.5}{\376\377\000V\000a\000r\000i\000a\000b\000l\000e\000\040\000D\000o\000c\000u\000m\000e\000n\000t\000a\000t\000i\000o\000n}{section.5.11}% 130
\BOOKMARK [3][-]{subsubsection.5.11.5.1}{\376\377\000g\000y\000r\000o\000R\000a\000n\000g\000e}{subsection.5.11.5}% 131
\BOOKMARK [1][-]{section.5.12}{\376\377\000K\000a\000l\000m\000a\000n\000-\000F\000i\000l\000t\000e\000r}{chapter.5}% 132
\BOOKMARK [2][-]{subsection.5.12.1}{\376\377\000D\000e\000t\000a\000i\000l\000e\000d\000\040\000D\000e\000s\000c\000r\000i\000p\000t\000i\000o\000n}{section.5.12}% 133
\BOOKMARK [2][-]{subsection.5.12.2}{\376\377\000F\000u\000n\000c\000t\000i\000o\000n\000\040\000D\000o\000c\000u\000m\000e\000n\000t\000a\000t\000i\000o\000n}{section.5.12}% 134
\BOOKMARK [3][-]{subsubsection.5.12.2.1}{\376\377\000k\000a\000l\000m\000a\000n\000I\000n\000i\000t}{subsection.5.12.2}% 135
\BOOKMARK [3][-]{subsubsection.5.12.2.2}{\376\377\000k\000a\000l\000m\000a\000n\000I\000n\000n\000o\000v\000a\000t\000e}{subsection.5.12.2}% 136
\BOOKMARK [1][-]{section.5.13}{\376\377\000M\000a\000g\000n\000e\000t\000o\000m\000e\000t\000e\000r\000\040\000D\000r\000i\000v\000e\000r}{chapter.5}% 137
\BOOKMARK [2][-]{subsection.5.13.1}{\376\377\000D\000e\000t\000a\000i\000l\000e\000d\000\040\000D\000e\000s\000c\000r\000i\000p\000t\000i\000o\000n}{section.5.13}% 138
\BOOKMARK [2][-]{subsection.5.13.2}{\376\377\000M\000a\000c\000r\000o\000\040\000D\000e\000f\000i\000n\000i\000t\000i\000o\000n\000\040\000D\000o\000c\000u\000m\000e\000n\000t\000a\000t\000i\000o\000n}{section.5.13}% 139
\BOOKMARK [3][-]{subsubsection.5.13.2.1}{\376\377\000M\000A\000G\000R\000E\000G\000\137\000C\000R\000B}{subsection.5.13.2}% 140
\BOOKMARK [3][-]{subsubsection.5.13.2.2}{\376\377\000M\000A\000G\000R\000E\000G\000\137\000M\000R}{subsection.5.13.2}% 141
\BOOKMARK [3][-]{subsubsection.5.13.2.3}{\376\377\000M\000A\000G\000R\000E\000G\000\137\000X\000H}{subsection.5.13.2}% 142
\BOOKMARK [2][-]{subsection.5.13.3}{\376\377\000E\000n\000u\000m\000e\000r\000a\000t\000i\000o\000n\000\040\000T\000y\000p\000e\000\040\000D\000o\000c\000u\000m\000e\000n\000t\000a\000t\000i\000o\000n}{section.5.13}% 143
\BOOKMARK [3][-]{subsubsection.5.13.3.1}{\376\377\000M\000a\000g\000R\000a\000n\000g\000e}{subsection.5.13.3}% 144
\BOOKMARK [2][-]{subsection.5.13.4}{\376\377\000F\000u\000n\000c\000t\000i\000o\000n\000\040\000D\000o\000c\000u\000m\000e\000n\000t\000a\000t\000i\000o\000n}{section.5.13}% 145
\BOOKMARK [3][-]{subsubsection.5.13.4.1}{\376\377\000m\000a\000g\000I\000n\000i\000t}{subsection.5.13.4}% 146
\BOOKMARK [3][-]{subsubsection.5.13.4.2}{\376\377\000m\000a\000g\000R\000e\000a\000d}{subsection.5.13.4}% 147
\BOOKMARK [3][-]{subsubsection.5.13.4.3}{\376\377\000m\000a\000g\000W\000r\000i\000t\000e\000R\000e\000g\000i\000s\000t\000e\000r}{subsection.5.13.4}% 148
\BOOKMARK [2][-]{subsection.5.13.5}{\376\377\000V\000a\000r\000i\000a\000b\000l\000e\000\040\000D\000o\000c\000u\000m\000e\000n\000t\000a\000t\000i\000o\000n}{section.5.13}% 149
\BOOKMARK [3][-]{subsubsection.5.13.5.1}{\376\377\000m\000a\000g\000R\000a\000n\000g\000e}{subsection.5.13.5}% 150
\BOOKMARK [1][-]{section.5.14}{\376\377\000M\000o\000t\000o\000r\000\040\000C\000o\000n\000t\000r\000o\000l\000l\000e\000r\000\040\000D\000r\000i\000v\000e\000r}{chapter.5}% 151
\BOOKMARK [2][-]{subsection.5.14.1}{\376\377\000D\000e\000t\000a\000i\000l\000e\000d\000\040\000D\000e\000s\000c\000r\000i\000p\000t\000i\000o\000n}{section.5.14}% 152
\BOOKMARK [2][-]{subsection.5.14.2}{\376\377\000F\000u\000n\000c\000t\000i\000o\000n\000\040\000D\000o\000c\000u\000m\000e\000n\000t\000a\000t\000i\000o\000n}{section.5.14}% 153
\BOOKMARK [3][-]{subsubsection.5.14.2.1}{\376\377\000m\000o\000t\000o\000r\000I\000n\000i\000t}{subsection.5.14.2}% 154
\BOOKMARK [3][-]{subsubsection.5.14.2.2}{\376\377\000m\000o\000t\000o\000r\000S\000e\000t}{subsection.5.14.2}% 155
\BOOKMARK [3][-]{subsubsection.5.14.2.3}{\376\377\000m\000o\000t\000o\000r\000T\000a\000s\000k}{subsection.5.14.2}% 156
\BOOKMARK [2][-]{subsection.5.14.3}{\376\377\000V\000a\000r\000i\000a\000b\000l\000e\000\040\000D\000o\000c\000u\000m\000e\000n\000t\000a\000t\000i\000o\000n}{section.5.14}% 157
\BOOKMARK [3][-]{subsubsection.5.14.3.1}{\376\377\000m\000o\000t\000o\000r\000S\000p\000e\000e\000d}{subsection.5.14.3}% 158
\BOOKMARK [3][-]{subsubsection.5.14.3.2}{\376\377\000m\000o\000t\000o\000r\000S\000p\000e\000e\000d}{subsection.5.14.3}% 159
\BOOKMARK [1][-]{section.5.15}{\376\377\000O\000r\000i\000e\000n\000t\000a\000t\000i\000o\000n\000\040\000C\000a\000l\000c\000u\000l\000a\000t\000i\000o\000n}{chapter.5}% 160
\BOOKMARK [2][-]{subsection.5.15.1}{\376\377\000D\000e\000t\000a\000i\000l\000e\000d\000\040\000D\000e\000s\000c\000r\000i\000p\000t\000i\000o\000n}{section.5.15}% 161
\BOOKMARK [2][-]{subsection.5.15.2}{\376\377\000M\000a\000c\000r\000o\000\040\000D\000e\000f\000i\000n\000i\000t\000i\000o\000n\000\040\000D\000o\000c\000u\000m\000e\000n\000t\000a\000t\000i\000o\000n}{section.5.15}% 162
\BOOKMARK [3][-]{subsubsection.5.15.2.1}{\376\377\000T\000O\000D\000E\000G}{subsection.5.15.2}% 163
\BOOKMARK [2][-]{subsection.5.15.3}{\376\377\000F\000u\000n\000c\000t\000i\000o\000n\000\040\000D\000o\000c\000u\000m\000e\000n\000t\000a\000t\000i\000o\000n}{section.5.15}% 164
\BOOKMARK [3][-]{subsubsection.5.15.3.1}{\376\377\000o\000r\000i\000e\000n\000t\000a\000t\000i\000o\000n\000I\000n\000i\000t}{subsection.5.15.3}% 165
\BOOKMARK [3][-]{subsubsection.5.15.3.2}{\376\377\000o\000r\000i\000e\000n\000t\000a\000t\000i\000o\000n\000T\000a\000s\000k}{subsection.5.15.3}% 166
\BOOKMARK [3][-]{subsubsection.5.15.3.3}{\376\377\000z\000e\000r\000o\000O\000r\000i\000e\000n\000t\000a\000t\000i\000o\000n}{subsection.5.15.3}% 167
\BOOKMARK [2][-]{subsection.5.15.4}{\376\377\000V\000a\000r\000i\000a\000b\000l\000e\000\040\000D\000o\000c\000u\000m\000e\000n\000t\000a\000t\000i\000o\000n}{section.5.15}% 168
\BOOKMARK [3][-]{subsubsection.5.15.4.1}{\376\377\000o\000r\000i\000e\000n\000t\000a\000t\000i\000o\000n}{subsection.5.15.4}% 169
\BOOKMARK [3][-]{subsubsection.5.15.4.2}{\376\377\000o\000r\000i\000e\000n\000t\000a\000t\000i\000o\000n}{subsection.5.15.4}% 170
\BOOKMARK [3][-]{subsubsection.5.15.4.3}{\376\377\000o\000r\000i\000e\000n\000t\000a\000t\000i\000o\000n\000E\000r\000r\000o\000r}{subsection.5.15.4}% 171
\BOOKMARK [3][-]{subsubsection.5.15.4.4}{\376\377\000p\000i\000t\000c\000h\000D\000a\000t\000a}{subsection.5.15.4}% 172
\BOOKMARK [3][-]{subsubsection.5.15.4.5}{\376\377\000r\000o\000l\000l\000D\000a\000t\000a}{subsection.5.15.4}% 173
\BOOKMARK [1][-]{section.5.16}{\376\377\000P\000I\000D\000-\000C\000o\000n\000t\000r\000o\000l\000l\000e\000r}{chapter.5}% 174
\BOOKMARK [2][-]{subsection.5.16.1}{\376\377\000D\000e\000t\000a\000i\000l\000e\000d\000\040\000D\000e\000s\000c\000r\000i\000p\000t\000i\000o\000n}{section.5.16}% 175
\BOOKMARK [2][-]{subsection.5.16.2}{\376\377\000M\000a\000c\000r\000o\000\040\000D\000e\000f\000i\000n\000i\000t\000i\000o\000n\000\040\000D\000o\000c\000u\000m\000e\000n\000t\000a\000t\000i\000o\000n}{section.5.16}% 176
\BOOKMARK [3][-]{subsubsection.5.16.2.1}{\376\377\000P\000I\000T\000C\000H}{subsection.5.16.2}% 177
\BOOKMARK [3][-]{subsubsection.5.16.2.2}{\376\377\000R\000O\000L\000L}{subsection.5.16.2}% 178
\BOOKMARK [2][-]{subsection.5.16.3}{\376\377\000F\000u\000n\000c\000t\000i\000o\000n\000\040\000D\000o\000c\000u\000m\000e\000n\000t\000a\000t\000i\000o\000n}{section.5.16}% 179
\BOOKMARK [3][-]{subsubsection.5.16.3.1}{\376\377\000p\000i\000d\000E\000x\000e\000c\000u\000t\000e}{subsection.5.16.3}% 180
\BOOKMARK [3][-]{subsubsection.5.16.3.2}{\376\377\000p\000i\000d\000I\000n\000i\000t}{subsection.5.16.3}% 181
\BOOKMARK [3][-]{subsubsection.5.16.3.3}{\376\377\000p\000i\000d\000S\000e\000t}{subsection.5.16.3}% 182
\BOOKMARK [3][-]{subsubsection.5.16.3.4}{\376\377\000p\000i\000d\000T\000a\000s\000k}{subsection.5.16.3}% 183
\BOOKMARK [2][-]{subsection.5.16.4}{\376\377\000V\000a\000r\000i\000a\000b\000l\000e\000\040\000D\000o\000c\000u\000m\000e\000n\000t\000a\000t\000i\000o\000n}{section.5.16}% 184
\BOOKMARK [3][-]{subsubsection.5.16.4.1}{\376\377\000p\000i\000d\000O\000u\000t\000p\000u\000t}{subsection.5.16.4}% 185
\BOOKMARK [3][-]{subsubsection.5.16.4.2}{\376\377\000p\000i\000d\000O\000u\000t\000p\000u\000t}{subsection.5.16.4}% 186
\BOOKMARK [3][-]{subsubsection.5.16.4.3}{\376\377\000p\000i\000d\000S\000t\000a\000t\000e\000s}{subsection.5.16.4}% 187
\BOOKMARK [3][-]{subsubsection.5.16.4.4}{\376\377\000p\000i\000d\000S\000t\000a\000t\000e\000s}{subsection.5.16.4}% 188
\BOOKMARK [3][-]{subsubsection.5.16.4.5}{\376\377\000p\000i\000d\000T\000a\000r\000g\000e\000t}{subsection.5.16.4}% 189
\BOOKMARK [3][-]{subsubsection.5.16.4.6}{\376\377\000p\000i\000d\000T\000a\000r\000g\000e\000t}{subsection.5.16.4}% 190
\BOOKMARK [1][-]{section.5.17}{\376\377\000U\000A\000R\000T\000\040\000L\000i\000b\000r\000a\000r\000y}{chapter.5}% 191
\BOOKMARK [2][-]{subsection.5.17.1}{\376\377\000D\000e\000t\000a\000i\000l\000e\000d\000\040\000D\000e\000s\000c\000r\000i\000p\000t\000i\000o\000n}{section.5.17}% 192
\BOOKMARK [2][-]{subsection.5.17.2}{\376\377\000M\000a\000c\000r\000o\000\040\000D\000e\000f\000i\000n\000i\000t\000i\000o\000n\000\040\000D\000o\000c\000u\000m\000e\000n\000t\000a\000t\000i\000o\000n}{section.5.17}% 193
\BOOKMARK [3][-]{subsubsection.5.17.2.1}{\376\377\000B\000A\000U\000D}{subsection.5.17.2}% 194
\BOOKMARK [3][-]{subsubsection.5.17.2.2}{\376\377\000B\000L\000U\000E\000T\000O\000O\000T\000H}{subsection.5.17.2}% 195
\BOOKMARK [3][-]{subsubsection.5.17.2.3}{\376\377\000F\000L\000O\000W\000C\000O\000N\000T\000R\000O\000L}{subsection.5.17.2}% 196
\BOOKMARK [3][-]{subsubsection.5.17.2.4}{\376\377\000F\000L\000O\000W\000M\000A\000R\000K}{subsection.5.17.2}% 197
\BOOKMARK [3][-]{subsubsection.5.17.2.5}{\376\377\000R\000X\000\137\000B\000U\000F\000F\000E\000R\000\137\000S\000I\000Z\000E}{subsection.5.17.2}% 198
\BOOKMARK [3][-]{subsubsection.5.17.2.6}{\376\377\000T\000X\000\137\000B\000U\000F\000F\000E\000R\000\137\000S\000I\000Z\000E}{subsection.5.17.2}% 199
\BOOKMARK [3][-]{subsubsection.5.17.2.7}{\376\377\000U\000S\000B}{subsection.5.17.2}% 200
\BOOKMARK [3][-]{subsubsection.5.17.2.8}{\376\377\000X\000O\000F\000F}{subsection.5.17.2}% 201
\BOOKMARK [3][-]{subsubsection.5.17.2.9}{\376\377\000X\000O\000N}{subsection.5.17.2}% 202
\BOOKMARK [2][-]{subsection.5.17.3}{\376\377\000F\000u\000n\000c\000t\000i\000o\000n\000\040\000D\000o\000c\000u\000m\000e\000n\000t\000a\000t\000i\000o\000n}{section.5.17}% 203
\BOOKMARK [3][-]{subsubsection.5.17.3.1}{\376\377\000s\000e\000r\000i\000a\000l\000A\000v\000a\000i\000l\000a\000b\000l\000e}{subsection.5.17.3}% 204
\BOOKMARK [3][-]{subsubsection.5.17.3.2}{\376\377\000s\000e\000r\000i\000a\000l\000C\000l\000o\000s\000e}{subsection.5.17.3}% 205
\BOOKMARK [3][-]{subsubsection.5.17.3.3}{\376\377\000s\000e\000r\000i\000a\000l\000G\000e\000t}{subsection.5.17.3}% 206
\BOOKMARK [3][-]{subsubsection.5.17.3.4}{\376\377\000s\000e\000r\000i\000a\000l\000G\000e\000t\000B\000l\000o\000c\000k\000i\000n\000g}{subsection.5.17.3}% 207
\BOOKMARK [3][-]{subsubsection.5.17.3.5}{\376\377\000s\000e\000r\000i\000a\000l\000H\000a\000s\000C\000h\000a\000r}{subsection.5.17.3}% 208
\BOOKMARK [3][-]{subsubsection.5.17.3.6}{\376\377\000s\000e\000r\000i\000a\000l\000I\000n\000i\000t}{subsection.5.17.3}% 209
\BOOKMARK [3][-]{subsubsection.5.17.3.7}{\376\377\000s\000e\000r\000i\000a\000l\000R\000x\000B\000u\000f\000f\000e\000r\000E\000m\000p\000t\000y}{subsection.5.17.3}% 210
\BOOKMARK [3][-]{subsubsection.5.17.3.8}{\376\377\000s\000e\000r\000i\000a\000l\000R\000x\000B\000u\000f\000f\000e\000r\000F\000u\000l\000l}{subsection.5.17.3}% 211
\BOOKMARK [3][-]{subsubsection.5.17.3.9}{\376\377\000s\000e\000r\000i\000a\000l\000T\000x\000B\000u\000f\000f\000e\000r\000E\000m\000p\000t\000y}{subsection.5.17.3}% 212
\BOOKMARK [3][-]{subsubsection.5.17.3.10}{\376\377\000s\000e\000r\000i\000a\000l\000T\000x\000B\000u\000f\000f\000e\000r\000F\000u\000l\000l}{subsection.5.17.3}% 213
\BOOKMARK [3][-]{subsubsection.5.17.3.11}{\376\377\000s\000e\000r\000i\000a\000l\000W\000r\000i\000t\000e}{subsection.5.17.3}% 214
\BOOKMARK [3][-]{subsubsection.5.17.3.12}{\376\377\000s\000e\000r\000i\000a\000l\000W\000r\000i\000t\000e\000S\000t\000r\000i\000n\000g}{subsection.5.17.3}% 215
\BOOKMARK [3][-]{subsubsection.5.17.3.13}{\376\377\000s\000e\000t\000F\000l\000o\000w}{subsection.5.17.3}% 216
\BOOKMARK [1][-]{section.5.18}{\376\377\000M\000o\000t\000o\000r\000\040\000S\000p\000e\000e\000d\000\040\000M\000i\000x\000e\000r}{chapter.5}% 217
\BOOKMARK [2][-]{subsection.5.18.1}{\376\377\000D\000e\000t\000a\000i\000l\000e\000d\000\040\000D\000e\000s\000c\000r\000i\000p\000t\000i\000o\000n}{section.5.18}% 218
\BOOKMARK [2][-]{subsection.5.18.2}{\376\377\000F\000u\000n\000c\000t\000i\000o\000n\000\040\000D\000o\000c\000u\000m\000e\000n\000t\000a\000t\000i\000o\000n}{section.5.18}% 219
\BOOKMARK [3][-]{subsubsection.5.18.2.1}{\376\377\000s\000e\000t\000M\000o\000t\000o\000r\000S\000p\000e\000e\000d\000s}{subsection.5.18.2}% 220
\BOOKMARK [3][-]{subsubsection.5.18.2.2}{\376\377\000s\000e\000t\000T\000a\000s\000k}{subsection.5.18.2}% 221
\BOOKMARK [2][-]{subsection.5.18.3}{\376\377\000V\000a\000r\000i\000a\000b\000l\000e\000\040\000D\000o\000c\000u\000m\000e\000n\000t\000a\000t\000i\000o\000n}{section.5.18}% 222
\BOOKMARK [3][-]{subsubsection.5.18.3.1}{\376\377\000b\000a\000s\000e\000S\000p\000e\000e\000d}{subsection.5.18.3}% 223
\BOOKMARK [3][-]{subsubsection.5.18.3.2}{\376\377\000b\000a\000s\000e\000S\000p\000e\000e\000d}{subsection.5.18.3}% 224
\BOOKMARK [1][-]{section.5.19}{\376\377\000S\000P\000I\000\040\000D\000r\000i\000v\000e\000r}{chapter.5}% 225
\BOOKMARK [2][-]{subsection.5.19.1}{\376\377\000D\000e\000t\000a\000i\000l\000e\000d\000\040\000D\000e\000s\000c\000r\000i\000p\000t\000i\000o\000n}{section.5.19}% 226
\BOOKMARK [2][-]{subsection.5.19.2}{\376\377\000E\000n\000u\000m\000e\000r\000a\000t\000i\000o\000n\000\040\000T\000y\000p\000e\000\040\000D\000o\000c\000u\000m\000e\000n\000t\000a\000t\000i\000o\000n}{section.5.19}% 227
\BOOKMARK [3][-]{subsubsection.5.19.2.1}{\376\377\000S\000P\000I\000\137\000M\000O\000D\000E}{subsection.5.19.2}% 228
\BOOKMARK [3][-]{subsubsection.5.19.2.2}{\376\377\000S\000P\000I\000\137\000S\000P\000E\000E\000D}{subsection.5.19.2}% 229
\BOOKMARK [2][-]{subsection.5.19.3}{\376\377\000F\000u\000n\000c\000t\000i\000o\000n\000\040\000D\000o\000c\000u\000m\000e\000n\000t\000a\000t\000i\000o\000n}{section.5.19}% 230
\BOOKMARK [3][-]{subsubsection.5.19.3.1}{\376\377\000s\000p\000i\000I\000n\000i\000t}{subsection.5.19.3}% 231
\BOOKMARK [3][-]{subsubsection.5.19.3.2}{\376\377\000s\000p\000i\000S\000e\000n\000d\000B\000y\000t\000e}{subsection.5.19.3}% 232
\BOOKMARK [1][-]{section.5.20}{\376\377\000T\000a\000s\000k\000\040\000H\000a\000n\000d\000l\000e\000r}{chapter.5}% 233
\BOOKMARK [2][-]{subsection.5.20.1}{\376\377\000D\000e\000t\000a\000i\000l\000e\000d\000\040\000D\000e\000s\000c\000r\000i\000p\000t\000i\000o\000n}{section.5.20}% 234
\BOOKMARK [2][-]{subsection.5.20.2}{\376\377\000T\000y\000p\000e\000d\000e\000f\000\040\000D\000o\000c\000u\000m\000e\000n\000t\000a\000t\000i\000o\000n}{section.5.20}% 235
\BOOKMARK [3][-]{subsubsection.5.20.2.1}{\376\377\000T\000a\000s\000k}{subsection.5.20.2}% 236
\BOOKMARK [2][-]{subsection.5.20.3}{\376\377\000F\000u\000n\000c\000t\000i\000o\000n\000\040\000D\000o\000c\000u\000m\000e\000n\000t\000a\000t\000i\000o\000n}{section.5.20}% 237
\BOOKMARK [3][-]{subsubsection.5.20.3.1}{\376\377\000a\000d\000d\000T\000a\000s\000k}{subsection.5.20.3}% 238
\BOOKMARK [3][-]{subsubsection.5.20.3.2}{\376\377\000r\000e\000m\000o\000v\000e\000T\000a\000s\000k}{subsection.5.20.3}% 239
\BOOKMARK [3][-]{subsubsection.5.20.3.3}{\376\377\000t\000a\000s\000k\000s}{subsection.5.20.3}% 240
\BOOKMARK [3][-]{subsubsection.5.20.3.4}{\376\377\000t\000a\000s\000k\000s\000R\000e\000g\000i\000s\000t\000e\000r\000e\000d}{subsection.5.20.3}% 241
\BOOKMARK [2][-]{subsection.5.20.4}{\376\377\000V\000a\000r\000i\000a\000b\000l\000e\000\040\000D\000o\000c\000u\000m\000e\000n\000t\000a\000t\000i\000o\000n}{section.5.20}% 242
\BOOKMARK [3][-]{subsubsection.5.20.4.1}{\376\377\000t\000a\000s\000k\000L\000i\000s\000t}{subsection.5.20.4}% 243
\BOOKMARK [3][-]{subsubsection.5.20.4.2}{\376\377\000t\000a\000s\000k\000L\000i\000s\000t}{subsection.5.20.4}% 244
\BOOKMARK [1][-]{section.5.21}{\376\377\000T\000i\000m\000e\000\040\000K\000e\000e\000p\000i\000n\000g}{chapter.5}% 245
\BOOKMARK [2][-]{subsection.5.21.1}{\376\377\000D\000e\000t\000a\000i\000l\000e\000d\000\040\000D\000e\000s\000c\000r\000i\000p\000t\000i\000o\000n}{section.5.21}% 246
\BOOKMARK [2][-]{subsection.5.21.2}{\376\377\000M\000a\000c\000r\000o\000\040\000D\000e\000f\000i\000n\000i\000t\000i\000o\000n\000\040\000D\000o\000c\000u\000m\000e\000n\000t\000a\000t\000i\000o\000n}{section.5.21}% 247
\BOOKMARK [3][-]{subsubsection.5.21.2.1}{\376\377\000O\000C\000I\000E}{subsection.5.21.2}% 248
\BOOKMARK [3][-]{subsubsection.5.21.2.2}{\376\377\000O\000C\000R}{subsection.5.21.2}% 249
\BOOKMARK [3][-]{subsubsection.5.21.2.3}{\376\377\000T\000C\000R\000A}{subsection.5.21.2}% 250
\BOOKMARK [3][-]{subsubsection.5.21.2.4}{\376\377\000T\000C\000R\000B}{subsection.5.21.2}% 251
\BOOKMARK [3][-]{subsubsection.5.21.2.5}{\376\377\000T\000I\000M\000S}{subsection.5.21.2}% 252
\BOOKMARK [2][-]{subsection.5.21.3}{\376\377\000T\000y\000p\000e\000d\000e\000f\000\040\000D\000o\000c\000u\000m\000e\000n\000t\000a\000t\000i\000o\000n}{section.5.21}% 253
\BOOKMARK [3][-]{subsubsection.5.21.3.1}{\376\377\000t\000i\000m\000e\000\137\000t}{subsection.5.21.3}% 254
\BOOKMARK [2][-]{subsection.5.21.4}{\376\377\000F\000u\000n\000c\000t\000i\000o\000n\000\040\000D\000o\000c\000u\000m\000e\000n\000t\000a\000t\000i\000o\000n}{section.5.21}% 255
\BOOKMARK [3][-]{subsubsection.5.21.4.1}{\376\377\000g\000e\000t\000S\000y\000s\000t\000e\000m\000T\000i\000m\000e}{subsection.5.21.4}% 256
\BOOKMARK [3][-]{subsubsection.5.21.4.2}{\376\377\000i\000n\000i\000t\000S\000y\000s\000t\000e\000m\000T\000i\000m\000e\000r}{subsection.5.21.4}% 257
\BOOKMARK [3][-]{subsubsection.5.21.4.3}{\376\377\000I\000S\000R}{subsection.5.21.4}% 258
\BOOKMARK [2][-]{subsection.5.21.5}{\376\377\000V\000a\000r\000i\000a\000b\000l\000e\000\040\000D\000o\000c\000u\000m\000e\000n\000t\000a\000t\000i\000o\000n}{section.5.21}% 259
\BOOKMARK [3][-]{subsubsection.5.21.5.1}{\376\377\000s\000y\000s\000t\000e\000m\000T\000i\000m\000e}{subsection.5.21.5}% 260
\BOOKMARK [1][-]{section.5.22}{\376\377\000I\0002\000C\000\040\000D\000r\000i\000v\000e\000r}{chapter.5}% 261
\BOOKMARK [2][-]{subsection.5.22.1}{\376\377\000D\000e\000t\000a\000i\000l\000e\000d\000\040\000D\000e\000s\000c\000r\000i\000p\000t\000i\000o\000n}{section.5.22}% 262
\BOOKMARK [2][-]{subsection.5.22.2}{\376\377\000M\000a\000c\000r\000o\000\040\000D\000e\000f\000i\000n\000i\000t\000i\000o\000n\000\040\000D\000o\000c\000u\000m\000e\000n\000t\000a\000t\000i\000o\000n}{section.5.22}% 263
\BOOKMARK [3][-]{subsubsection.5.22.2.1}{\376\377\000T\000W\000I\000\137\000R\000E\000A\000D}{subsection.5.22.2}% 264
\BOOKMARK [3][-]{subsubsection.5.22.2.2}{\376\377\000T\000W\000I\000\137\000W\000R\000I\000T\000E}{subsection.5.22.2}% 265
\BOOKMARK [2][-]{subsection.5.22.3}{\376\377\000F\000u\000n\000c\000t\000i\000o\000n\000\040\000D\000o\000c\000u\000m\000e\000n\000t\000a\000t\000i\000o\000n}{section.5.22}% 266
\BOOKMARK [3][-]{subsubsection.5.22.3.1}{\376\377\000t\000w\000i\000I\000n\000i\000t}{subsection.5.22.3}% 267
\BOOKMARK [3][-]{subsubsection.5.22.3.2}{\376\377\000t\000w\000i\000R\000e\000a\000d\000A\000c\000k}{subsection.5.22.3}% 268
\BOOKMARK [3][-]{subsubsection.5.22.3.3}{\376\377\000t\000w\000i\000R\000e\000a\000d\000N\000a\000k}{subsection.5.22.3}% 269
\BOOKMARK [3][-]{subsubsection.5.22.3.4}{\376\377\000t\000w\000i\000R\000e\000p\000S\000t\000a\000r\000t}{subsection.5.22.3}% 270
\BOOKMARK [3][-]{subsubsection.5.22.3.5}{\376\377\000t\000w\000i\000S\000t\000a\000r\000t}{subsection.5.22.3}% 271
\BOOKMARK [3][-]{subsubsection.5.22.3.6}{\376\377\000t\000w\000i\000S\000t\000a\000r\000t\000W\000a\000i\000t}{subsection.5.22.3}% 272
\BOOKMARK [3][-]{subsubsection.5.22.3.7}{\376\377\000t\000w\000i\000S\000t\000o\000p}{subsection.5.22.3}% 273
\BOOKMARK [3][-]{subsubsection.5.22.3.8}{\376\377\000t\000w\000i\000W\000r\000i\000t\000e}{subsection.5.22.3}% 274
\BOOKMARK [1][-]{section.5.23}{\376\377\000U\000A\000R\000T\000\040\000M\000e\000n\000u}{chapter.5}% 275
\BOOKMARK [2][-]{subsection.5.23.1}{\376\377\000D\000e\000t\000a\000i\000l\000e\000d\000\040\000D\000e\000s\000c\000r\000i\000p\000t\000i\000o\000n}{section.5.23}% 276
\BOOKMARK [2][-]{subsection.5.23.2}{\376\377\000F\000u\000n\000c\000t\000i\000o\000n\000\040\000D\000o\000c\000u\000m\000e\000n\000t\000a\000t\000i\000o\000n}{section.5.23}% 277
\BOOKMARK [3][-]{subsubsection.5.23.2.1}{\376\377\000a\000d\000d\000M\000e\000n\000u\000C\000o\000m\000m\000a\000n\000d}{subsection.5.23.2}% 278
\BOOKMARK [3][-]{subsubsection.5.23.2.2}{\376\377\000f\000i\000n\000d\000E\000n\000t\000r\000y}{subsection.5.23.2}% 279
\BOOKMARK [3][-]{subsubsection.5.23.2.3}{\376\377\000r\000e\000v\000e\000r\000s\000e\000L\000i\000s\000t}{subsection.5.23.2}% 280
\BOOKMARK [3][-]{subsubsection.5.23.2.4}{\376\377\000u\000a\000r\000t\000M\000e\000n\000u\000P\000r\000i\000n\000t\000H\000e\000l\000p}{subsection.5.23.2}% 281
\BOOKMARK [3][-]{subsubsection.5.23.2.5}{\376\377\000u\000a\000r\000t\000M\000e\000n\000u\000R\000e\000g\000i\000s\000t\000e\000r\000H\000a\000n\000d\000l\000e\000r}{subsection.5.23.2}% 282
\BOOKMARK [3][-]{subsubsection.5.23.2.6}{\376\377\000u\000a\000r\000t\000M\000e\000n\000u\000T\000a\000s\000k}{subsection.5.23.2}% 283
\BOOKMARK [2][-]{subsection.5.23.3}{\376\377\000V\000a\000r\000i\000a\000b\000l\000e\000\040\000D\000o\000c\000u\000m\000e\000n\000t\000a\000t\000i\000o\000n}{section.5.23}% 284
\BOOKMARK [3][-]{subsubsection.5.23.3.1}{\376\377\000u\000a\000r\000t\000M\000e\000n\000u}{subsection.5.23.3}% 285
\BOOKMARK [3][-]{subsubsection.5.23.3.2}{\376\377\000u\000n\000H\000a\000n\000d\000l\000e\000r}{subsection.5.23.3}% 286
\BOOKMARK [1][-]{section.5.24}{\376\377\000E\000x\000t\000e\000r\000n\000a\000l\000\040\000M\000e\000m\000o\000r\000y\000\040\000I\000n\000t\000e\000r\000f\000a\000c\000e}{chapter.5}% 287
\BOOKMARK [2][-]{subsection.5.24.1}{\376\377\000D\000e\000t\000a\000i\000l\000e\000d\000\040\000D\000e\000s\000c\000r\000i\000p\000t\000i\000o\000n}{section.5.24}% 288
\BOOKMARK [2][-]{subsection.5.24.2}{\376\377\000M\000a\000c\000r\000o\000\040\000D\000e\000f\000i\000n\000i\000t\000i\000o\000n\000\040\000D\000o\000c\000u\000m\000e\000n\000t\000a\000t\000i\000o\000n}{section.5.24}% 289
\BOOKMARK [3][-]{subsubsection.5.24.2.1}{\376\377\000B\000A\000N\000K\000\137\000G\000E\000N\000E\000R\000I\000C}{subsection.5.24.2}% 290
\BOOKMARK [3][-]{subsubsection.5.24.2.2}{\376\377\000M\000E\000M\000B\000A\000N\000K\000S}{subsection.5.24.2}% 291
\BOOKMARK [3][-]{subsubsection.5.24.2.3}{\376\377\000M\000E\000M\000S\000W\000I\000T\000C\000H}{subsection.5.24.2}% 292
\BOOKMARK [3][-]{subsubsection.5.24.2.4}{\376\377\000M\000E\000M\000S\000W\000I\000T\000C\000H\000B\000A\000C\000K}{subsection.5.24.2}% 293
\BOOKMARK [2][-]{subsection.5.24.3}{\376\377\000F\000u\000n\000c\000t\000i\000o\000n\000\040\000D\000o\000c\000u\000m\000e\000n\000t\000a\000t\000i\000o\000n}{section.5.24}% 294
\BOOKMARK [3][-]{subsubsection.5.24.3.1}{\376\377\000r\000e\000s\000t\000o\000r\000e\000S\000t\000a\000t\000e}{subsection.5.24.3}% 295
\BOOKMARK [3][-]{subsubsection.5.24.3.2}{\376\377\000s\000a\000v\000e\000S\000t\000a\000t\000e}{subsection.5.24.3}% 296
\BOOKMARK [3][-]{subsubsection.5.24.3.3}{\376\377\000x\000m\000e\000m\000G\000e\000t\000B\000a\000n\000k}{subsection.5.24.3}% 297
\BOOKMARK [3][-]{subsubsection.5.24.3.4}{\376\377\000x\000m\000e\000m\000I\000n\000i\000t}{subsection.5.24.3}% 298
\BOOKMARK [3][-]{subsubsection.5.24.3.5}{\376\377\000x\000m\000e\000m\000S\000e\000t\000B\000a\000n\000k}{subsection.5.24.3}% 299
\BOOKMARK [2][-]{subsection.5.24.4}{\376\377\000V\000a\000r\000i\000a\000b\000l\000e\000\040\000D\000o\000c\000u\000m\000e\000n\000t\000a\000t\000i\000o\000n}{section.5.24}% 300
\BOOKMARK [3][-]{subsubsection.5.24.4.1}{\376\377\000\137\000\137\000b\000r\000k\000v\000a\000l}{subsection.5.24.4}% 301
\BOOKMARK [3][-]{subsubsection.5.24.4.2}{\376\377\000\137\000\137\000f\000l\000p}{subsection.5.24.4}% 302
\BOOKMARK [3][-]{subsubsection.5.24.4.3}{\376\377\000c\000u\000r\000r\000e\000n\000t\000B\000a\000n\000k}{subsection.5.24.4}% 303
\BOOKMARK [3][-]{subsubsection.5.24.4.4}{\376\377\000c\000u\000r\000r\000e\000n\000t\000B\000a\000n\000k}{subsection.5.24.4}% 304
\BOOKMARK [3][-]{subsubsection.5.24.4.5}{\376\377\000s\000t\000a\000t\000e\000s}{subsection.5.24.4}% 305
\BOOKMARK [3][-]{subsubsection.5.24.4.6}{\376\377\000s\000t\000a\000t\000e\000s}{subsection.5.24.4}% 306
\BOOKMARK [1][-]{section.5.25}{\376\377\000x\000y\000C\000o\000n\000t\000r\000o\000l\000\040\000H\000a\000r\000d\000w\000a\000r\000e}{chapter.5}% 307
\BOOKMARK [2][-]{subsection.5.25.1}{\376\377\000D\000e\000t\000a\000i\000l\000e\000d\000\040\000D\000e\000s\000c\000r\000i\000p\000t\000i\000o\000n}{section.5.25}% 308
\BOOKMARK [2][-]{subsection.5.25.2}{\376\377\000E\000n\000u\000m\000e\000r\000a\000t\000i\000o\000n\000\040\000T\000y\000p\000e\000\040\000D\000o\000c\000u\000m\000e\000n\000t\000a\000t\000i\000o\000n}{section.5.25}% 309
\BOOKMARK [3][-]{subsubsection.5.25.2.1}{\376\377\000L\000E\000D}{subsection.5.25.2}% 310
\BOOKMARK [3][-]{subsubsection.5.25.2.2}{\376\377\000L\000E\000D\000S\000t\000a\000t\000e}{subsection.5.25.2}% 311
\BOOKMARK [2][-]{subsection.5.25.3}{\376\377\000F\000u\000n\000c\000t\000i\000o\000n\000\040\000D\000o\000c\000u\000m\000e\000n\000t\000a\000t\000i\000o\000n}{section.5.25}% 312
\BOOKMARK [3][-]{subsubsection.5.25.3.1}{\376\377\000g\000e\000t\000V\000o\000l\000t\000a\000g\000e}{subsection.5.25.3}% 313
\BOOKMARK [3][-]{subsubsection.5.25.3.2}{\376\377\000m\000a\000p}{subsection.5.25.3}% 314
\BOOKMARK [3][-]{subsubsection.5.25.3.3}{\376\377\000u\000a\000r\000t\000i\000n\000p\000u\000t}{subsection.5.25.3}% 315
\BOOKMARK [3][-]{subsubsection.5.25.3.4}{\376\377\000u\000a\000r\000t\000o\000u\000t\000p\000u\000t}{subsection.5.25.3}% 316
\BOOKMARK [3][-]{subsubsection.5.25.3.5}{\376\377\000x\000y\000I\000n\000i\000t}{subsection.5.25.3}% 317
\BOOKMARK [3][-]{subsubsection.5.25.3.6}{\376\377\000x\000y\000L\000e\000d}{subsection.5.25.3}% 318
\BOOKMARK [3][-]{subsubsection.5.25.3.7}{\376\377\000x\000y\000L\000e\000d\000I\000n\000t\000e\000r\000n\000a\000l}{subsection.5.25.3}% 319
\BOOKMARK [3][-]{subsubsection.5.25.3.8}{\376\377\000x\000y\000S\000e\000l\000f\000R\000e\000s\000e\000t}{subsection.5.25.3}% 320
\BOOKMARK [2][-]{subsection.5.25.4}{\376\377\000V\000a\000r\000i\000a\000b\000l\000e\000\040\000D\000o\000c\000u\000m\000e\000n\000t\000a\000t\000i\000o\000n}{section.5.25}% 321
\BOOKMARK [3][-]{subsubsection.5.25.4.1}{\376\377\000h\000e\000l\000p\000T\000e\000x\000t}{subsection.5.25.4}% 322
\BOOKMARK [3][-]{subsubsection.5.25.4.2}{\376\377\000i\000n\000F\000i\000l\000e}{subsection.5.25.4}% 323
\BOOKMARK [3][-]{subsubsection.5.25.4.3}{\376\377\000o\000u\000t\000F\000i\000l\000e}{subsection.5.25.4}% 324
\BOOKMARK [3][-]{subsubsection.5.25.4.4}{\376\377\000r\000e\000s\000e\000t\000T\000e\000x\000t}{subsection.5.25.4}% 325
\BOOKMARK [0][-]{chapter.6}{\376\377\000D\000a\000t\000a\000\040\000S\000t\000r\000u\000c\000t\000u\000r\000e\000\040\000D\000o\000c\000u\000m\000e\000n\000t\000a\000t\000i\000o\000n}{}% 326
\BOOKMARK [1][-]{section.6.1}{\376\377\000A\000n\000g\000l\000e\000s\000\040\000S\000t\000r\000u\000c\000t\000\040\000R\000e\000f\000e\000r\000e\000n\000c\000e}{chapter.6}% 327
\BOOKMARK [2][-]{subsection.6.1.1}{\376\377\000D\000e\000t\000a\000i\000l\000e\000d\000\040\000D\000e\000s\000c\000r\000i\000p\000t\000i\000o\000n}{section.6.1}% 328
\BOOKMARK [2][-]{subsection.6.1.2}{\376\377\000F\000i\000e\000l\000d\000\040\000D\000o\000c\000u\000m\000e\000n\000t\000a\000t\000i\000o\000n}{section.6.1}% 329
\BOOKMARK [3][-]{subsubsection.6.1.2.1}{\376\377\000p\000i\000t\000c\000h}{subsection.6.1.2}% 330
\BOOKMARK [3][-]{subsubsection.6.1.2.2}{\376\377\000r\000o\000l\000l}{subsection.6.1.2}% 331
\BOOKMARK [3][-]{subsubsection.6.1.2.3}{\376\377\000y\000a\000w}{subsection.6.1.2}% 332
\BOOKMARK [1][-]{section.6.2}{\376\377\000C\000o\000m\000p\000l\000e\000m\000e\000n\000t\000a\000r\000y\000\040\000S\000t\000r\000u\000c\000t\000\040\000R\000e\000f\000e\000r\000e\000n\000c\000e}{chapter.6}% 333
\BOOKMARK [2][-]{subsection.6.2.1}{\376\377\000D\000e\000t\000a\000i\000l\000e\000d\000\040\000D\000e\000s\000c\000r\000i\000p\000t\000i\000o\000n}{section.6.2}% 334
\BOOKMARK [1][-]{section.6.3}{\376\377\000K\000a\000l\000m\000a\000n\000\040\000S\000t\000r\000u\000c\000t\000\040\000R\000e\000f\000e\000r\000e\000n\000c\000e}{chapter.6}% 335
\BOOKMARK [2][-]{subsection.6.3.1}{\376\377\000D\000e\000t\000a\000i\000l\000e\000d\000\040\000D\000e\000s\000c\000r\000i\000p\000t\000i\000o\000n}{section.6.3}% 336
\BOOKMARK [2][-]{subsection.6.3.2}{\376\377\000F\000i\000e\000l\000d\000\040\000D\000o\000c\000u\000m\000e\000n\000t\000a\000t\000i\000o\000n}{section.6.3}% 337
\BOOKMARK [3][-]{subsubsection.6.3.2.1}{\376\377\000p\0003\0003}{subsection.6.3.2}% 338
\BOOKMARK [3][-]{subsubsection.6.3.2.2}{\376\377\000x\0003}{subsection.6.3.2}% 339
\BOOKMARK [1][-]{section.6.4}{\376\377\000M\000a\000l\000l\000o\000c\000S\000t\000a\000t\000e\000\040\000S\000t\000r\000u\000c\000t\000\040\000R\000e\000f\000e\000r\000e\000n\000c\000e}{chapter.6}% 340
\BOOKMARK [2][-]{subsection.6.4.1}{\376\377\000D\000e\000t\000a\000i\000l\000e\000d\000\040\000D\000e\000s\000c\000r\000i\000p\000t\000i\000o\000n}{section.6.4}% 341
\BOOKMARK [2][-]{subsection.6.4.2}{\376\377\000F\000i\000e\000l\000d\000\040\000D\000o\000c\000u\000m\000e\000n\000t\000a\000t\000i\000o\000n}{section.6.4}% 342
\BOOKMARK [3][-]{subsubsection.6.4.2.1}{\376\377\000e\000n\000d}{subsection.6.4.2}% 343
\BOOKMARK [3][-]{subsubsection.6.4.2.2}{\376\377\000f\000l}{subsection.6.4.2}% 344
\BOOKMARK [3][-]{subsubsection.6.4.2.3}{\376\377\000s\000t\000a\000r\000t}{subsection.6.4.2}% 345
\BOOKMARK [3][-]{subsubsection.6.4.2.4}{\376\377\000v\000a\000l}{subsection.6.4.2}% 346
\BOOKMARK [1][-]{section.6.5}{\376\377\000M\000e\000n\000u\000E\000n\000t\000r\000y\000\040\000S\000t\000r\000u\000c\000t\000\040\000R\000e\000f\000e\000r\000e\000n\000c\000e}{chapter.6}% 347
\BOOKMARK [2][-]{subsection.6.5.1}{\376\377\000D\000e\000t\000a\000i\000l\000e\000d\000\040\000D\000e\000s\000c\000r\000i\000p\000t\000i\000o\000n}{section.6.5}% 348
\BOOKMARK [2][-]{subsection.6.5.2}{\376\377\000F\000i\000e\000l\000d\000\040\000D\000o\000c\000u\000m\000e\000n\000t\000a\000t\000i\000o\000n}{section.6.5}% 349
\BOOKMARK [3][-]{subsubsection.6.5.2.1}{\376\377\000c\000m\000d}{subsection.6.5.2}% 350
\BOOKMARK [3][-]{subsubsection.6.5.2.2}{\376\377\000f}{subsection.6.5.2}% 351
\BOOKMARK [3][-]{subsubsection.6.5.2.3}{\376\377\000h\000e\000l\000p\000T\000e\000x\000t}{subsection.6.5.2}% 352
\BOOKMARK [3][-]{subsubsection.6.5.2.4}{\376\377\000n\000e\000x\000t}{subsection.6.5.2}% 353
\BOOKMARK [1][-]{section.6.6}{\376\377\000P\000I\000D\000S\000t\000a\000t\000e\000\040\000S\000t\000r\000u\000c\000t\000\040\000R\000e\000f\000e\000r\000e\000n\000c\000e}{chapter.6}% 354
\BOOKMARK [2][-]{subsection.6.6.1}{\376\377\000D\000e\000t\000a\000i\000l\000e\000d\000\040\000D\000e\000s\000c\000r\000i\000p\000t\000i\000o\000n}{section.6.6}% 355
\BOOKMARK [2][-]{subsection.6.6.2}{\376\377\000F\000i\000e\000l\000d\000\040\000D\000o\000c\000u\000m\000e\000n\000t\000a\000t\000i\000o\000n}{section.6.6}% 356
\BOOKMARK [3][-]{subsubsection.6.6.2.1}{\376\377\000i\000n\000t\000M\000a\000x}{subsection.6.6.2}% 357
\BOOKMARK [3][-]{subsubsection.6.6.2.2}{\376\377\000i\000n\000t\000M\000i\000n}{subsection.6.6.2}% 358
\BOOKMARK [3][-]{subsubsection.6.6.2.3}{\376\377\000k\000d}{subsection.6.6.2}% 359
\BOOKMARK [3][-]{subsubsection.6.6.2.4}{\376\377\000k\000i}{subsection.6.6.2}% 360
\BOOKMARK [3][-]{subsubsection.6.6.2.5}{\376\377\000k\000p}{subsection.6.6.2}% 361
\BOOKMARK [3][-]{subsubsection.6.6.2.6}{\376\377\000l\000a\000s\000t}{subsection.6.6.2}% 362
\BOOKMARK [3][-]{subsubsection.6.6.2.7}{\376\377\000l\000a\000s\000t\000E\000r\000r\000o\000r}{subsection.6.6.2}% 363
\BOOKMARK [3][-]{subsubsection.6.6.2.8}{\376\377\000o\000u\000t\000M\000a\000x}{subsection.6.6.2}% 364
\BOOKMARK [3][-]{subsubsection.6.6.2.9}{\376\377\000o\000u\000t\000M\000i\000n}{subsection.6.6.2}% 365
\BOOKMARK [3][-]{subsubsection.6.6.2.10}{\376\377\000s\000u\000m\000E\000r\000r\000o\000r}{subsection.6.6.2}% 366
\BOOKMARK [1][-]{section.6.7}{\376\377\000T\000a\000s\000k\000E\000l\000e\000m\000e\000n\000t\000\040\000S\000t\000r\000u\000c\000t\000\040\000R\000e\000f\000e\000r\000e\000n\000c\000e}{chapter.6}% 367
\BOOKMARK [2][-]{subsection.6.7.1}{\376\377\000D\000e\000t\000a\000i\000l\000e\000d\000\040\000D\000e\000s\000c\000r\000i\000p\000t\000i\000o\000n}{section.6.7}% 368
\BOOKMARK [2][-]{subsection.6.7.2}{\376\377\000F\000i\000e\000l\000d\000\040\000D\000o\000c\000u\000m\000e\000n\000t\000a\000t\000i\000o\000n}{section.6.7}% 369
\BOOKMARK [3][-]{subsubsection.6.7.2.1}{\376\377\000n\000e\000x\000t}{subsection.6.7.2}% 370
\BOOKMARK [3][-]{subsubsection.6.7.2.2}{\376\377\000t\000a\000s\000k}{subsection.6.7.2}% 371
\BOOKMARK [1][-]{section.6.8}{\376\377\000V\000e\000c\000t\000o\000r\0003\000f\000\040\000S\000t\000r\000u\000c\000t\000\040\000R\000e\000f\000e\000r\000e\000n\000c\000e}{chapter.6}% 372
\BOOKMARK [2][-]{subsection.6.8.1}{\376\377\000D\000e\000t\000a\000i\000l\000e\000d\000\040\000D\000e\000s\000c\000r\000i\000p\000t\000i\000o\000n}{section.6.8}% 373
\BOOKMARK [2][-]{subsection.6.8.2}{\376\377\000F\000i\000e\000l\000d\000\040\000D\000o\000c\000u\000m\000e\000n\000t\000a\000t\000i\000o\000n}{section.6.8}% 374
\BOOKMARK [3][-]{subsubsection.6.8.2.1}{\376\377\000x}{subsection.6.8.2}% 375
\BOOKMARK [3][-]{subsubsection.6.8.2.2}{\376\377\000y}{subsection.6.8.2}% 376
\BOOKMARK [3][-]{subsubsection.6.8.2.3}{\376\377\000z}{subsection.6.8.2}% 377
\BOOKMARK [0][-]{chapter.7}{\376\377\000F\000i\000l\000e\000\040\000D\000o\000c\000u\000m\000e\000n\000t\000a\000t\000i\000o\000n}{}% 378
\BOOKMARK [1][-]{section.7.1}{\376\377\000i\000n\000c\000l\000u\000d\000e\000/\000a\000c\000c\000.\000h\000\040\000F\000i\000l\000e\000\040\000R\000e\000f\000e\000r\000e\000n\000c\000e}{chapter.7}% 379
\BOOKMARK [2][-]{subsection.7.1.1}{\376\377\000D\000e\000t\000a\000i\000l\000e\000d\000\040\000D\000e\000s\000c\000r\000i\000p\000t\000i\000o\000n}{section.7.1}% 380
\BOOKMARK [1][-]{section.7.2}{\376\377\000i\000n\000c\000l\000u\000d\000e\000/\000a\000d\000c\000.\000h\000\040\000F\000i\000l\000e\000\040\000R\000e\000f\000e\000r\000e\000n\000c\000e}{chapter.7}% 381
\BOOKMARK [2][-]{subsection.7.2.1}{\376\377\000D\000e\000t\000a\000i\000l\000e\000d\000\040\000D\000e\000s\000c\000r\000i\000p\000t\000i\000o\000n}{section.7.2}% 382
\BOOKMARK [1][-]{section.7.3}{\376\377\000i\000n\000c\000l\000u\000d\000e\000/\000c\000o\000m\000p\000l\000e\000m\000e\000n\000t\000a\000r\000y\000.\000h\000\040\000F\000i\000l\000e\000\040\000R\000e\000f\000e\000r\000e\000n\000c\000e}{chapter.7}% 383
\BOOKMARK [2][-]{subsection.7.3.1}{\376\377\000D\000e\000t\000a\000i\000l\000e\000d\000\040\000D\000e\000s\000c\000r\000i\000p\000t\000i\000o\000n}{section.7.3}% 384
\BOOKMARK [1][-]{section.7.4}{\376\377\000i\000n\000c\000l\000u\000d\000e\000/\000c\000o\000n\000f\000i\000g\000.\000h\000\040\000F\000i\000l\000e\000\040\000R\000e\000f\000e\000r\000e\000n\000c\000e}{chapter.7}% 385
\BOOKMARK [2][-]{subsection.7.4.1}{\376\377\000D\000e\000t\000a\000i\000l\000e\000d\000\040\000D\000e\000s\000c\000r\000i\000p\000t\000i\000o\000n}{section.7.4}% 386
\BOOKMARK [1][-]{section.7.5}{\376\377\000i\000n\000c\000l\000u\000d\000e\000/\000d\000e\000b\000u\000g\000.\000h\000\040\000F\000i\000l\000e\000\040\000R\000e\000f\000e\000r\000e\000n\000c\000e}{chapter.7}% 387
\BOOKMARK [2][-]{subsection.7.5.1}{\376\377\000D\000e\000t\000a\000i\000l\000e\000d\000\040\000D\000e\000s\000c\000r\000i\000p\000t\000i\000o\000n}{section.7.5}% 388
\BOOKMARK [1][-]{section.7.6}{\376\377\000i\000n\000c\000l\000u\000d\000e\000/\000d\000o\000c\000.\000h\000\040\000F\000i\000l\000e\000\040\000R\000e\000f\000e\000r\000e\000n\000c\000e}{chapter.7}% 389
\BOOKMARK [2][-]{subsection.7.6.1}{\376\377\000D\000e\000t\000a\000i\000l\000e\000d\000\040\000D\000e\000s\000c\000r\000i\000p\000t\000i\000o\000n}{section.7.6}% 390
\BOOKMARK [1][-]{section.7.7}{\376\377\000i\000n\000c\000l\000u\000d\000e\000/\000e\000r\000r\000o\000r\000.\000h\000\040\000F\000i\000l\000e\000\040\000R\000e\000f\000e\000r\000e\000n\000c\000e}{chapter.7}% 391
\BOOKMARK [2][-]{subsection.7.7.1}{\376\377\000D\000e\000t\000a\000i\000l\000e\000d\000\040\000D\000e\000s\000c\000r\000i\000p\000t\000i\000o\000n}{section.7.7}% 392
\BOOKMARK [1][-]{section.7.8}{\376\377\000i\000n\000c\000l\000u\000d\000e\000/\000g\000y\000r\000o\000.\000h\000\040\000F\000i\000l\000e\000\040\000R\000e\000f\000e\000r\000e\000n\000c\000e}{chapter.7}% 393
\BOOKMARK [2][-]{subsection.7.8.1}{\376\377\000D\000e\000t\000a\000i\000l\000e\000d\000\040\000D\000e\000s\000c\000r\000i\000p\000t\000i\000o\000n}{section.7.8}% 394
\BOOKMARK [1][-]{section.7.9}{\376\377\000i\000n\000c\000l\000u\000d\000e\000/\000k\000a\000l\000m\000a\000n\000.\000h\000\040\000F\000i\000l\000e\000\040\000R\000e\000f\000e\000r\000e\000n\000c\000e}{chapter.7}% 395
\BOOKMARK [2][-]{subsection.7.9.1}{\376\377\000D\000e\000t\000a\000i\000l\000e\000d\000\040\000D\000e\000s\000c\000r\000i\000p\000t\000i\000o\000n}{section.7.9}% 396
\BOOKMARK [1][-]{section.7.10}{\376\377\000i\000n\000c\000l\000u\000d\000e\000/\000m\000a\000g\000.\000h\000\040\000F\000i\000l\000e\000\040\000R\000e\000f\000e\000r\000e\000n\000c\000e}{chapter.7}% 397
\BOOKMARK [2][-]{subsection.7.10.1}{\376\377\000D\000e\000t\000a\000i\000l\000e\000d\000\040\000D\000e\000s\000c\000r\000i\000p\000t\000i\000o\000n}{section.7.10}% 398
\BOOKMARK [1][-]{section.7.11}{\376\377\000i\000n\000c\000l\000u\000d\000e\000/\000m\000o\000t\000o\000r\000.\000h\000\040\000F\000i\000l\000e\000\040\000R\000e\000f\000e\000r\000e\000n\000c\000e}{chapter.7}% 399
\BOOKMARK [2][-]{subsection.7.11.1}{\376\377\000D\000e\000t\000a\000i\000l\000e\000d\000\040\000D\000e\000s\000c\000r\000i\000p\000t\000i\000o\000n}{section.7.11}% 400
\BOOKMARK [1][-]{section.7.12}{\376\377\000i\000n\000c\000l\000u\000d\000e\000/\000o\000r\000i\000e\000n\000t\000a\000t\000i\000o\000n\000.\000h\000\040\000F\000i\000l\000e\000\040\000R\000e\000f\000e\000r\000e\000n\000c\000e}{chapter.7}% 401
\BOOKMARK [2][-]{subsection.7.12.1}{\376\377\000D\000e\000t\000a\000i\000l\000e\000d\000\040\000D\000e\000s\000c\000r\000i\000p\000t\000i\000o\000n}{section.7.12}% 402
\BOOKMARK [1][-]{section.7.13}{\376\377\000i\000n\000c\000l\000u\000d\000e\000/\000p\000i\000d\000.\000h\000\040\000F\000i\000l\000e\000\040\000R\000e\000f\000e\000r\000e\000n\000c\000e}{chapter.7}% 403
\BOOKMARK [2][-]{subsection.7.13.1}{\376\377\000D\000e\000t\000a\000i\000l\000e\000d\000\040\000D\000e\000s\000c\000r\000i\000p\000t\000i\000o\000n}{section.7.13}% 404
\BOOKMARK [1][-]{section.7.14}{\376\377\000i\000n\000c\000l\000u\000d\000e\000/\000s\000e\000r\000i\000a\000l\000.\000h\000\040\000F\000i\000l\000e\000\040\000R\000e\000f\000e\000r\000e\000n\000c\000e}{chapter.7}% 405
\BOOKMARK [2][-]{subsection.7.14.1}{\376\377\000D\000e\000t\000a\000i\000l\000e\000d\000\040\000D\000e\000s\000c\000r\000i\000p\000t\000i\000o\000n}{section.7.14}% 406
\BOOKMARK [1][-]{section.7.15}{\376\377\000i\000n\000c\000l\000u\000d\000e\000/\000s\000e\000r\000i\000a\000l\000\137\000d\000e\000v\000i\000c\000e\000.\000h\000\040\000F\000i\000l\000e\000\040\000R\000e\000f\000e\000r\000e\000n\000c\000e}{chapter.7}% 407
\BOOKMARK [2][-]{subsection.7.15.1}{\376\377\000D\000e\000t\000a\000i\000l\000e\000d\000\040\000D\000e\000s\000c\000r\000i\000p\000t\000i\000o\000n}{section.7.15}% 408
\BOOKMARK [1][-]{section.7.16}{\376\377\000i\000n\000c\000l\000u\000d\000e\000/\000s\000e\000t\000.\000h\000\040\000F\000i\000l\000e\000\040\000R\000e\000f\000e\000r\000e\000n\000c\000e}{chapter.7}% 409
\BOOKMARK [2][-]{subsection.7.16.1}{\376\377\000D\000e\000t\000a\000i\000l\000e\000d\000\040\000D\000e\000s\000c\000r\000i\000p\000t\000i\000o\000n}{section.7.16}% 410
\BOOKMARK [1][-]{section.7.17}{\376\377\000i\000n\000c\000l\000u\000d\000e\000/\000s\000p\000i\000.\000h\000\040\000F\000i\000l\000e\000\040\000R\000e\000f\000e\000r\000e\000n\000c\000e}{chapter.7}% 411
\BOOKMARK [2][-]{subsection.7.17.1}{\376\377\000D\000e\000t\000a\000i\000l\000e\000d\000\040\000D\000e\000s\000c\000r\000i\000p\000t\000i\000o\000n}{section.7.17}% 412
\BOOKMARK [1][-]{section.7.18}{\376\377\000i\000n\000c\000l\000u\000d\000e\000/\000t\000a\000s\000k\000s\000.\000h\000\040\000F\000i\000l\000e\000\040\000R\000e\000f\000e\000r\000e\000n\000c\000e}{chapter.7}% 413
\BOOKMARK [2][-]{subsection.7.18.1}{\376\377\000D\000e\000t\000a\000i\000l\000e\000d\000\040\000D\000e\000s\000c\000r\000i\000p\000t\000i\000o\000n}{section.7.18}% 414
\BOOKMARK [1][-]{section.7.19}{\376\377\000i\000n\000c\000l\000u\000d\000e\000/\000t\000i\000m\000e\000.\000h\000\040\000F\000i\000l\000e\000\040\000R\000e\000f\000e\000r\000e\000n\000c\000e}{chapter.7}% 415
\BOOKMARK [2][-]{subsection.7.19.1}{\376\377\000D\000e\000t\000a\000i\000l\000e\000d\000\040\000D\000e\000s\000c\000r\000i\000p\000t\000i\000o\000n}{section.7.19}% 416
\BOOKMARK [1][-]{section.7.20}{\376\377\000i\000n\000c\000l\000u\000d\000e\000/\000t\000w\000i\000.\000h\000\040\000F\000i\000l\000e\000\040\000R\000e\000f\000e\000r\000e\000n\000c\000e}{chapter.7}% 417
\BOOKMARK [2][-]{subsection.7.20.1}{\376\377\000D\000e\000t\000a\000i\000l\000e\000d\000\040\000D\000e\000s\000c\000r\000i\000p\000t\000i\000o\000n}{section.7.20}% 418
\BOOKMARK [1][-]{section.7.21}{\376\377\000i\000n\000c\000l\000u\000d\000e\000/\000u\000a\000r\000t\000M\000e\000n\000u\000.\000h\000\040\000F\000i\000l\000e\000\040\000R\000e\000f\000e\000r\000e\000n\000c\000e}{chapter.7}% 419
\BOOKMARK [2][-]{subsection.7.21.1}{\376\377\000D\000e\000t\000a\000i\000l\000e\000d\000\040\000D\000e\000s\000c\000r\000i\000p\000t\000i\000o\000n}{section.7.21}% 420
\BOOKMARK [1][-]{section.7.22}{\376\377\000i\000n\000c\000l\000u\000d\000e\000/\000x\000m\000e\000m\000.\000h\000\040\000F\000i\000l\000e\000\040\000R\000e\000f\000e\000r\000e\000n\000c\000e}{chapter.7}% 421
\BOOKMARK [2][-]{subsection.7.22.1}{\376\377\000D\000e\000t\000a\000i\000l\000e\000d\000\040\000D\000e\000s\000c\000r\000i\000p\000t\000i\000o\000n}{section.7.22}% 422
\BOOKMARK [1][-]{section.7.23}{\376\377\000i\000n\000c\000l\000u\000d\000e\000/\000x\000y\000c\000o\000n\000t\000r\000o\000l\000.\000h\000\040\000F\000i\000l\000e\000\040\000R\000e\000f\000e\000r\000e\000n\000c\000e}{chapter.7}% 423
\BOOKMARK [2][-]{subsection.7.23.1}{\376\377\000D\000e\000t\000a\000i\000l\000e\000d\000\040\000D\000e\000s\000c\000r\000i\000p\000t\000i\000o\000n}{section.7.23}% 424
\BOOKMARK [1][-]{section.7.24}{\376\377\000l\000i\000b\000/\000a\000c\000c\000.\000c\000\040\000F\000i\000l\000e\000\040\000R\000e\000f\000e\000r\000e\000n\000c\000e}{chapter.7}% 425
\BOOKMARK [2][-]{subsection.7.24.1}{\376\377\000D\000e\000t\000a\000i\000l\000e\000d\000\040\000D\000e\000s\000c\000r\000i\000p\000t\000i\000o\000n}{section.7.24}% 426
\BOOKMARK [1][-]{section.7.25}{\376\377\000l\000i\000b\000/\000a\000d\000c\000.\000c\000\040\000F\000i\000l\000e\000\040\000R\000e\000f\000e\000r\000e\000n\000c\000e}{chapter.7}% 427
\BOOKMARK [2][-]{subsection.7.25.1}{\376\377\000D\000e\000t\000a\000i\000l\000e\000d\000\040\000D\000e\000s\000c\000r\000i\000p\000t\000i\000o\000n}{section.7.25}% 428
\BOOKMARK [1][-]{section.7.26}{\376\377\000l\000i\000b\000/\000c\000o\000m\000p\000l\000e\000m\000e\000n\000t\000a\000r\000y\000.\000c\000\040\000F\000i\000l\000e\000\040\000R\000e\000f\000e\000r\000e\000n\000c\000e}{chapter.7}% 429
\BOOKMARK [2][-]{subsection.7.26.1}{\376\377\000D\000e\000t\000a\000i\000l\000e\000d\000\040\000D\000e\000s\000c\000r\000i\000p\000t\000i\000o\000n}{section.7.26}% 430
\BOOKMARK [1][-]{section.7.27}{\376\377\000l\000i\000b\000/\000e\000r\000r\000o\000r\000.\000c\000\040\000F\000i\000l\000e\000\040\000R\000e\000f\000e\000r\000e\000n\000c\000e}{chapter.7}% 431
\BOOKMARK [2][-]{subsection.7.27.1}{\376\377\000D\000e\000t\000a\000i\000l\000e\000d\000\040\000D\000e\000s\000c\000r\000i\000p\000t\000i\000o\000n}{section.7.27}% 432
\BOOKMARK [2][-]{subsection.7.27.2}{\376\377\000V\000a\000r\000i\000a\000b\000l\000e\000\040\000D\000o\000c\000u\000m\000e\000n\000t\000a\000t\000i\000o\000n}{section.7.27}% 433
\BOOKMARK [3][-]{subsubsection.7.27.2.1}{\376\377\000e\000r\000r\000o\000r\0000}{subsection.7.27.2}% 434
\BOOKMARK [3][-]{subsubsection.7.27.2.2}{\376\377\000e\000r\000r\000o\000r\0001}{subsection.7.27.2}% 435
\BOOKMARK [3][-]{subsubsection.7.27.2.3}{\376\377\000e\000r\000r\000o\000r\0002}{subsection.7.27.2}% 436
\BOOKMARK [3][-]{subsubsection.7.27.2.4}{\376\377\000e\000r\000r\000o\000r\0003}{subsection.7.27.2}% 437
\BOOKMARK [3][-]{subsubsection.7.27.2.5}{\376\377\000e\000r\000r\000o\000r\0004}{subsection.7.27.2}% 438
\BOOKMARK [3][-]{subsubsection.7.27.2.6}{\376\377\000e\000r\000r\000o\000r\0005}{subsection.7.27.2}% 439
\BOOKMARK [3][-]{subsubsection.7.27.2.7}{\376\377\000e\000r\000r\000o\000r\000T\000a\000b\000l\000e}{subsection.7.27.2}% 440
\BOOKMARK [1][-]{section.7.28}{\376\377\000l\000i\000b\000/\000g\000y\000r\000o\000.\000c\000\040\000F\000i\000l\000e\000\040\000R\000e\000f\000e\000r\000e\000n\000c\000e}{chapter.7}% 441
\BOOKMARK [2][-]{subsection.7.28.1}{\376\377\000D\000e\000t\000a\000i\000l\000e\000d\000\040\000D\000e\000s\000c\000r\000i\000p\000t\000i\000o\000n}{section.7.28}% 442
\BOOKMARK [1][-]{section.7.29}{\376\377\000l\000i\000b\000/\000k\000a\000l\000m\000a\000n\000.\000c\000\040\000F\000i\000l\000e\000\040\000R\000e\000f\000e\000r\000e\000n\000c\000e}{chapter.7}% 443
\BOOKMARK [2][-]{subsection.7.29.1}{\376\377\000D\000e\000t\000a\000i\000l\000e\000d\000\040\000D\000e\000s\000c\000r\000i\000p\000t\000i\000o\000n}{section.7.29}% 444
\BOOKMARK [1][-]{section.7.30}{\376\377\000l\000i\000b\000/\000m\000a\000g\000.\000c\000\040\000F\000i\000l\000e\000\040\000R\000e\000f\000e\000r\000e\000n\000c\000e}{chapter.7}% 445
\BOOKMARK [2][-]{subsection.7.30.1}{\376\377\000D\000e\000t\000a\000i\000l\000e\000d\000\040\000D\000e\000s\000c\000r\000i\000p\000t\000i\000o\000n}{section.7.30}% 446
\BOOKMARK [1][-]{section.7.31}{\376\377\000l\000i\000b\000/\000m\000o\000t\000o\000r\000.\000c\000\040\000F\000i\000l\000e\000\040\000R\000e\000f\000e\000r\000e\000n\000c\000e}{chapter.7}% 447
\BOOKMARK [2][-]{subsection.7.31.1}{\376\377\000D\000e\000t\000a\000i\000l\000e\000d\000\040\000D\000e\000s\000c\000r\000i\000p\000t\000i\000o\000n}{section.7.31}% 448
\BOOKMARK [1][-]{section.7.32}{\376\377\000l\000i\000b\000/\000o\000r\000i\000e\000n\000t\000a\000t\000i\000o\000n\000.\000c\000\040\000F\000i\000l\000e\000\040\000R\000e\000f\000e\000r\000e\000n\000c\000e}{chapter.7}% 449
\BOOKMARK [2][-]{subsection.7.32.1}{\376\377\000D\000e\000t\000a\000i\000l\000e\000d\000\040\000D\000e\000s\000c\000r\000i\000p\000t\000i\000o\000n}{section.7.32}% 450
\BOOKMARK [1][-]{section.7.33}{\376\377\000l\000i\000b\000/\000p\000i\000d\000.\000c\000\040\000F\000i\000l\000e\000\040\000R\000e\000f\000e\000r\000e\000n\000c\000e}{chapter.7}% 451
\BOOKMARK [2][-]{subsection.7.33.1}{\376\377\000D\000e\000t\000a\000i\000l\000e\000d\000\040\000D\000e\000s\000c\000r\000i\000p\000t\000i\000o\000n}{section.7.33}% 452
\BOOKMARK [1][-]{section.7.34}{\376\377\000l\000i\000b\000/\000s\000e\000r\000i\000a\000l\000.\000c\000\040\000F\000i\000l\000e\000\040\000R\000e\000f\000e\000r\000e\000n\000c\000e}{chapter.7}% 453
\BOOKMARK [2][-]{subsection.7.34.1}{\376\377\000D\000e\000t\000a\000i\000l\000e\000d\000\040\000D\000e\000s\000c\000r\000i\000p\000t\000i\000o\000n}{section.7.34}% 454
\BOOKMARK [1][-]{section.7.35}{\376\377\000l\000i\000b\000/\000s\000e\000t\000.\000c\000\040\000F\000i\000l\000e\000\040\000R\000e\000f\000e\000r\000e\000n\000c\000e}{chapter.7}% 455
\BOOKMARK [2][-]{subsection.7.35.1}{\376\377\000D\000e\000t\000a\000i\000l\000e\000d\000\040\000D\000e\000s\000c\000r\000i\000p\000t\000i\000o\000n}{section.7.35}% 456
\BOOKMARK [1][-]{section.7.36}{\376\377\000l\000i\000b\000/\000s\000p\000i\000.\000c\000\040\000F\000i\000l\000e\000\040\000R\000e\000f\000e\000r\000e\000n\000c\000e}{chapter.7}% 457
\BOOKMARK [2][-]{subsection.7.36.1}{\376\377\000D\000e\000t\000a\000i\000l\000e\000d\000\040\000D\000e\000s\000c\000r\000i\000p\000t\000i\000o\000n}{section.7.36}% 458
\BOOKMARK [1][-]{section.7.37}{\376\377\000l\000i\000b\000/\000t\000a\000s\000k\000s\000.\000c\000\040\000F\000i\000l\000e\000\040\000R\000e\000f\000e\000r\000e\000n\000c\000e}{chapter.7}% 459
\BOOKMARK [2][-]{subsection.7.37.1}{\376\377\000D\000e\000t\000a\000i\000l\000e\000d\000\040\000D\000e\000s\000c\000r\000i\000p\000t\000i\000o\000n}{section.7.37}% 460
\BOOKMARK [1][-]{section.7.38}{\376\377\000l\000i\000b\000/\000t\000i\000m\000e\000.\000c\000\040\000F\000i\000l\000e\000\040\000R\000e\000f\000e\000r\000e\000n\000c\000e}{chapter.7}% 461
\BOOKMARK [2][-]{subsection.7.38.1}{\376\377\000D\000e\000t\000a\000i\000l\000e\000d\000\040\000D\000e\000s\000c\000r\000i\000p\000t\000i\000o\000n}{section.7.38}% 462
\BOOKMARK [1][-]{section.7.39}{\376\377\000l\000i\000b\000/\000u\000a\000r\000t\000M\000e\000n\000u\000.\000c\000\040\000F\000i\000l\000e\000\040\000R\000e\000f\000e\000r\000e\000n\000c\000e}{chapter.7}% 463
\BOOKMARK [2][-]{subsection.7.39.1}{\376\377\000D\000e\000t\000a\000i\000l\000e\000d\000\040\000D\000e\000s\000c\000r\000i\000p\000t\000i\000o\000n}{section.7.39}% 464
\BOOKMARK [1][-]{section.7.40}{\376\377\000l\000i\000b\000/\000x\000m\000e\000m\000.\000c\000\040\000F\000i\000l\000e\000\040\000R\000e\000f\000e\000r\000e\000n\000c\000e}{chapter.7}% 465
\BOOKMARK [2][-]{subsection.7.40.1}{\376\377\000D\000e\000t\000a\000i\000l\000e\000d\000\040\000D\000e\000s\000c\000r\000i\000p\000t\000i\000o\000n}{section.7.40}% 466
\BOOKMARK [1][-]{section.7.41}{\376\377\000l\000i\000b\000/\000x\000y\000c\000o\000n\000t\000r\000o\000l\000.\000c\000\040\000F\000i\000l\000e\000\040\000R\000e\000f\000e\000r\000e\000n\000c\000e}{chapter.7}% 467
\BOOKMARK [2][-]{subsection.7.41.1}{\376\377\000D\000e\000t\000a\000i\000l\000e\000d\000\040\000D\000e\000s\000c\000r\000i\000p\000t\000i\000o\000n}{section.7.41}% 468
\BOOKMARK [0][-]{chapter.8}{\376\377\000E\000x\000a\000m\000p\000l\000e\000\040\000D\000o\000c\000u\000m\000e\000n\000t\000a\000t\000i\000o\000n}{}% 469
\BOOKMARK [1][-]{section.8.1}{\376\377\000h\000a\000r\000d\000w\000a\000r\000e\000T\000e\000s\000t\000.\000c}{chapter.8}% 470
\BOOKMARK [1][-]{section.8.2}{\376\377\000t\000e\000s\000t\000.\000c}{chapter.8}% 471
\BOOKMARK [1][-]{section.8.3}{\376\377\000u\000a\000r\000t\000F\000l\000i\000g\000h\000t\000.\000c}{chapter.8}% 472
\BOOKMARK [-1][-]{section.8.3}{\376\377\000I\000n\000d\000e\000x}{}% 473
